Epoch 0, training Time(s): 0.0306, estimated train loss 1.7149, acc 24.5380, 24.4488
evaluation Time: 0.0426, Train loss: 0.8678, Val loss: 0.8547, Test loss: 0.9037
Train acc: (67.5565, 66.9338), Val acc: (69.1358, 68.0998), Test acc: (65.0352, 63.8853)
Epoch 1, training Time(s): 0.0242, estimated train loss 1.6216, acc 27.4127, 27.2319
evaluation Time: 0.0302, Train loss: 0.6929, Val loss: 0.6737, Test loss: 0.7306
Train acc: (78.4394, 77.9786), Val acc: (81.8930, 81.0506), Test acc: (76.5493, 75.7835)
Epoch 2, training Time(s): 0.0210, estimated train loss 1.4880, acc 34.3943, 34.3457
evaluation Time: 0.0312, Train loss: 0.6028, Val loss: 0.5828, Test loss: 0.6366
Train acc: (83.5729, 83.0588), Val acc: (87.6543, 86.9977), Test acc: (82.7113, 81.8896)
Epoch 3, training Time(s): 0.0262, estimated train loss 1.4072, acc 38.0903, 37.9492
evaluation Time: 0.1044, Train loss: 0.5453, Val loss: 0.5217, Test loss: 0.5719
Train acc: (87.8850, 87.5400), Val acc: (91.7695, 91.3474), Test acc: (86.6901, 85.8842)
Epoch 4, training Time(s): 0.0242, estimated train loss 1.1415, acc 52.0534, 51.7338
evaluation Time: 0.0291, Train loss: 0.5161, Val loss: 0.4931, Test loss: 0.5368
Train acc: (90.8624, 90.4525), Val acc: (93.8272, 93.4519), Test acc: (89.4014, 88.5964)
Epoch 5, training Time(s): 0.0206, estimated train loss 0.8957, acc 66.3244, 66.2383
evaluation Time: 0.0389, Train loss: 0.4993, Val loss: 0.4756, Test loss: 0.5155
Train acc: (93.0185, 92.6983), Val acc: (94.6502, 94.3900), Test acc: (91.6549, 91.0380)
Epoch 6, training Time(s): 0.0207, estimated train loss 0.7396, acc 78.4394, 77.6368
evaluation Time: 0.0292, Train loss: 0.4848, Val loss: 0.4600, Test loss: 0.4988
Train acc: (93.4292, 93.0966), Val acc: (95.0617, 94.8294), Test acc: (92.4648, 91.8987)
Epoch 7, training Time(s): 0.0453, estimated train loss 0.6331, acc 83.8809, 83.2276
evaluation Time: 0.0315, Train loss: 0.4673, Val loss: 0.4414, Test loss: 0.4801
Train acc: (93.9425, 93.6267), Val acc: (95.8848, 95.6765), Test acc: (93.2746, 92.7623)
Epoch 8, training Time(s): 0.0514, estimated train loss 0.5743, acc 88.7064, 88.3739
evaluation Time: 0.0839, Train loss: 0.4444, Val loss: 0.4171, Test loss: 0.4570
Train acc: (94.4559, 94.1763), Val acc: (96.7078, 96.5800), Test acc: (93.5915, 93.0832)
Epoch 9, training Time(s): 0.0252, estimated train loss 0.5305, acc 90.7598, 90.2793
evaluation Time: 0.0665, Train loss: 0.4203, Val loss: 0.3910, Test loss: 0.4327
Train acc: (94.0452, 93.7843), Val acc: (96.7078, 96.5191), Test acc: (93.7324, 93.2396)
Epoch 10, training Time(s): 0.0496, estimated train loss 0.4968, acc 91.7864, 91.3701
evaluation Time: 0.0564, Train loss: 0.4048, Val loss: 0.3740, Test loss: 0.4162
Train acc: (94.3532, 94.1188), Val acc: (96.2963, 96.0780), Test acc: (93.8732, 93.3857)
	Current best at epoch 10 with Val loss 0.3740 (96.2963, 96.0780), Test loss 0.4162 (93.8732, 93.3857)Epoch 11, training Time(s): 0.0288, estimated train loss 0.4805, acc 92.8131, 92.4259
evaluation Time: 0.0288, Train loss: 0.3967, Val loss: 0.3654, Test loss: 0.4068
Train acc: (94.3532, 94.1203), Val acc: (96.2963, 96.0780), Test acc: (93.9085, 93.4248)
Epoch 12, training Time(s): 0.0411, estimated train loss 0.4696, acc 92.9158, 92.5350
evaluation Time: 0.0339, Train loss: 0.3921, Val loss: 0.3608, Test loss: 0.4010
Train acc: (94.4559, 94.2106), Val acc: (96.2963, 96.1386), Test acc: (94.0141, 93.5335)
Epoch 13, training Time(s): 0.0249, estimated train loss 0.4546, acc 92.9158, 92.5615
evaluation Time: 0.0654, Train loss: 0.3882, Val loss: 0.3576, Test loss: 0.3965
Train acc: (94.7639, 94.5480), Val acc: (96.2963, 96.1386), Test acc: (94.2254, 93.7735)
Epoch 14, training Time(s): 0.0278, estimated train loss 0.4437, acc 93.2238, 92.9021
evaluation Time: 0.0299, Train loss: 0.3844, Val loss: 0.3552, Test loss: 0.3926
Train acc: (94.8665, 94.6612), Val acc: (96.2963, 96.1386), Test acc: (94.2958, 93.8565)
Epoch 15, training Time(s): 0.0209, estimated train loss 0.4411, acc 93.4292, 93.1423
evaluation Time: 0.0333, Train loss: 0.3807, Val loss: 0.3531, Test loss: 0.3891
Train acc: (94.8665, 94.6523), Val acc: (96.2963, 96.1386), Test acc: (94.5775, 94.1681)
Epoch 16, training Time(s): 0.0208, estimated train loss 0.4319, acc 94.0452, 93.7552
evaluation Time: 0.0649, Train loss: 0.3767, Val loss: 0.3511, Test loss: 0.3856
Train acc: (94.9692, 94.7520), Val acc: (96.2963, 96.0726), Test acc: (94.7183, 94.3306)
Epoch 17, training Time(s): 0.0954, estimated train loss 0.4242, acc 94.8665, 94.6192
evaluation Time: 0.0452, Train loss: 0.3726, Val loss: 0.3491, Test loss: 0.3822
Train acc: (95.1745, 94.9693), Val acc: (96.2963, 96.0127), Test acc: (94.9296, 94.5651)
Epoch 18, training Time(s): 0.0247, estimated train loss 0.4291, acc 93.7372, 93.4258
evaluation Time: 0.0397, Train loss: 0.3685, Val loss: 0.3471, Test loss: 0.3788
Train acc: (95.3799, 95.1984), Val acc: (95.4733, 95.0199), Test acc: (94.9648, 94.6174)
Epoch 19, training Time(s): 0.0218, estimated train loss 0.4146, acc 95.0719, 94.8227
evaluation Time: 0.0471, Train loss: 0.3646, Val loss: 0.3453, Test loss: 0.3759
Train acc: (95.3799, 95.1706), Val acc: (95.4733, 95.0199), Test acc: (94.8944, 94.5514)
Epoch 20, training Time(s): 0.0226, estimated train loss 0.4095, acc 95.6879, 95.5392
evaluation Time: 0.0717, Train loss: 0.3612, Val loss: 0.3441, Test loss: 0.3736
Train acc: (95.5852, 95.3967), Val acc: (95.4733, 95.0199), Test acc: (94.8592, 94.5004)
	Current best at epoch 20 with Val loss 0.3441 (95.4733, 95.0199), Test loss 0.3736 (94.8592, 94.5004)Epoch 21, training Time(s): 0.0385, estimated train loss 0.4065, acc 95.5852, 95.4234
evaluation Time: 0.0524, Train loss: 0.3583, Val loss: 0.3433, Test loss: 0.3718
Train acc: (95.6879, 95.5163), Val acc: (95.4733, 95.0199), Test acc: (94.9648, 94.6063)
Epoch 22, training Time(s): 0.0184, estimated train loss 0.4033, acc 95.2772, 95.0021
evaluation Time: 0.0322, Train loss: 0.3560, Val loss: 0.3429, Test loss: 0.3706
Train acc: (95.7906, 95.6211), Val acc: (95.4733, 95.0199), Test acc: (95.0352, 94.6853)
Epoch 23, training Time(s): 0.0240, estimated train loss 0.3997, acc 95.5852, 95.4135
evaluation Time: 0.0708, Train loss: 0.3539, Val loss: 0.3428, Test loss: 0.3697
Train acc: (95.9959, 95.8502), Val acc: (95.4733, 95.0199), Test acc: (95.0000, 94.6573)
Epoch 24, training Time(s): 0.0241, estimated train loss 0.3972, acc 95.0719, 94.8234
evaluation Time: 0.0389, Train loss: 0.3520, Val loss: 0.3427, Test loss: 0.3690
Train acc: (95.9959, 95.8553), Val acc: (95.4733, 95.0199), Test acc: (95.0352, 94.6974)
Epoch 25, training Time(s): 0.0206, estimated train loss 0.3952, acc 95.7906, 95.6044
evaluation Time: 0.0390, Train loss: 0.3500, Val loss: 0.3426, Test loss: 0.3682
Train acc: (96.0986, 95.9576), Val acc: (95.4733, 95.0199), Test acc: (95.0352, 94.6991)
Epoch 26, training Time(s): 0.0223, estimated train loss 0.3959, acc 94.6612, 94.4453
evaluation Time: 0.0292, Train loss: 0.3478, Val loss: 0.3423, Test loss: 0.3673
Train acc: (96.3039, 96.1637), Val acc: (95.0617, 94.6429), Test acc: (95.1408, 94.8129)
Epoch 27, training Time(s): 0.0196, estimated train loss 0.3862, acc 95.7906, 95.6261
evaluation Time: 0.0290, Train loss: 0.3456, Val loss: 0.3420, Test loss: 0.3664
Train acc: (96.4066, 96.2658), Val acc: (95.0617, 94.6429), Test acc: (95.2465, 94.9283)
Epoch 28, training Time(s): 0.0256, estimated train loss 0.3887, acc 95.5852, 95.4011
evaluation Time: 0.0340, Train loss: 0.3434, Val loss: 0.3418, Test loss: 0.3655
Train acc: (96.6119, 96.4907), Val acc: (94.2387, 93.8058), Test acc: (95.2817, 94.9670)
Epoch 29, training Time(s): 0.0417, estimated train loss 0.3799, acc 95.7906, 95.6368
evaluation Time: 0.0328, Train loss: 0.3412, Val loss: 0.3416, Test loss: 0.3647
Train acc: (96.9199, 96.8072), Val acc: (94.2387, 93.8058), Test acc: (95.3169, 95.0074)
Epoch 30, training Time(s): 0.0327, estimated train loss 0.3893, acc 95.6879, 95.5178
evaluation Time: 0.0359, Train loss: 0.3389, Val loss: 0.3415, Test loss: 0.3641
Train acc: (96.9199, 96.8072), Val acc: (94.2387, 93.8058), Test acc: (95.3521, 95.0381)
	Current best at epoch 30 with Val loss 0.3415 (94.2387, 93.8058), Test loss 0.3641 (95.3521, 95.0381)Epoch 31, training Time(s): 0.0208, estimated train loss 0.3778, acc 96.9199, 96.8066
evaluation Time: 0.0691, Train loss: 0.3368, Val loss: 0.3416, Test loss: 0.3635
Train acc: (97.1253, 97.0158), Val acc: (94.2387, 93.8058), Test acc: (95.4225, 95.1122)
Epoch 32, training Time(s): 0.0406, estimated train loss 0.3734, acc 96.2012, 96.0125
evaluation Time: 0.0583, Train loss: 0.3347, Val loss: 0.3418, Test loss: 0.3631
Train acc: (97.1253, 97.0158), Val acc: (94.2387, 93.8058), Test acc: (95.4225, 95.1026)
Epoch 33, training Time(s): 0.0231, estimated train loss 0.3795, acc 95.5852, 95.3985
evaluation Time: 0.0363, Train loss: 0.3328, Val loss: 0.3421, Test loss: 0.3629
Train acc: (97.4333, 97.3267), Val acc: (94.2387, 93.8058), Test acc: (95.4577, 95.1434)
Epoch 34, training Time(s): 0.0185, estimated train loss 0.3733, acc 96.0986, 95.9038
evaluation Time: 0.0273, Train loss: 0.3309, Val loss: 0.3425, Test loss: 0.3627
Train acc: (97.4333, 97.3339), Val acc: (94.2387, 93.8058), Test acc: (95.3873, 95.0749)
Epoch 35, training Time(s): 0.0224, estimated train loss 0.3711, acc 96.4066, 96.2328
evaluation Time: 0.0320, Train loss: 0.3291, Val loss: 0.3431, Test loss: 0.3627
Train acc: (97.5359, 97.4410), Val acc: (94.6502, 94.1873), Test acc: (95.3169, 94.9937)
Epoch 36, training Time(s): 0.0240, estimated train loss 0.3704, acc 96.5092, 96.4062
evaluation Time: 0.0324, Train loss: 0.3274, Val loss: 0.3438, Test loss: 0.3628
Train acc: (97.6386, 97.5515), Val acc: (94.6502, 94.1873), Test acc: (95.2817, 94.9569)
Epoch 37, training Time(s): 0.0299, estimated train loss 0.3678, acc 96.6119, 96.5308
evaluation Time: 0.0390, Train loss: 0.3258, Val loss: 0.3444, Test loss: 0.3629
Train acc: (97.6386, 97.5515), Val acc: (94.6502, 94.1873), Test acc: (95.2465, 94.9145)
Epoch 38, training Time(s): 0.0231, estimated train loss 0.3714, acc 95.8932, 95.7167
evaluation Time: 0.0337, Train loss: 0.3243, Val loss: 0.3449, Test loss: 0.3632
Train acc: (97.7413, 97.6617), Val acc: (94.6502, 94.1873), Test acc: (95.2817, 94.9514)
Epoch 39, training Time(s): 0.0232, estimated train loss 0.3654, acc 97.0226, 96.9101
evaluation Time: 0.0297, Train loss: 0.3230, Val loss: 0.3455, Test loss: 0.3634
Train acc: (97.9466, 97.8839), Val acc: (94.6502, 94.1873), Test acc: (95.3169, 94.9893)
Epoch 40, training Time(s): 0.0197, estimated train loss 0.3701, acc 96.9199, 96.7893
evaluation Time: 0.0419, Train loss: 0.3216, Val loss: 0.3460, Test loss: 0.3636
Train acc: (98.1520, 98.1190), Val acc: (94.6502, 94.1873), Test acc: (95.3873, 95.0470)
	Current best at epoch 30 with Val loss 0.3415 (94.2387, 93.8058), Test loss 0.3641 (95.3521, 95.0381)Epoch 41, training Time(s): 0.0285, estimated train loss 0.3637, acc 97.0226, 96.9028
evaluation Time: 0.0286, Train loss: 0.3201, Val loss: 0.3465, Test loss: 0.3638
Train acc: (98.0493, 98.0172), Val acc: (94.2387, 93.7479), Test acc: (95.2465, 94.8875)
Epoch 42, training Time(s): 0.0200, estimated train loss 0.3594, acc 96.8172, 96.7225
evaluation Time: 0.0317, Train loss: 0.3186, Val loss: 0.3471, Test loss: 0.3639
Train acc: (98.0493, 98.0172), Val acc: (94.2387, 93.7479), Test acc: (95.2817, 94.9285)
Epoch 43, training Time(s): 0.0214, estimated train loss 0.3563, acc 97.5359, 97.4449
evaluation Time: 0.0361, Train loss: 0.3172, Val loss: 0.3476, Test loss: 0.3641
Train acc: (98.0493, 98.0172), Val acc: (94.2387, 93.7479), Test acc: (95.2817, 94.9285)
Epoch 44, training Time(s): 0.0235, estimated train loss 0.3595, acc 97.4333, 97.3181
evaluation Time: 0.0273, Train loss: 0.3158, Val loss: 0.3483, Test loss: 0.3643
Train acc: (98.1520, 98.1325), Val acc: (94.2387, 93.7479), Test acc: (95.2817, 94.9229)
Epoch 45, training Time(s): 0.0249, estimated train loss 0.3525, acc 97.3306, 97.3003
evaluation Time: 0.0412, Train loss: 0.3143, Val loss: 0.3490, Test loss: 0.3645
Train acc: (98.3573, 98.3406), Val acc: (94.2387, 93.7479), Test acc: (95.3169, 94.9638)
Epoch 46, training Time(s): 0.0236, estimated train loss 0.3578, acc 97.7413, 97.6720
evaluation Time: 0.0291, Train loss: 0.3128, Val loss: 0.3496, Test loss: 0.3647
Train acc: (98.4600, 98.4571), Val acc: (94.2387, 93.7479), Test acc: (95.2817, 94.9199)
Epoch 47, training Time(s): 0.0240, estimated train loss 0.3549, acc 97.1253, 97.0570
evaluation Time: 0.0348, Train loss: 0.3114, Val loss: 0.3502, Test loss: 0.3649
Train acc: (98.4600, 98.4571), Val acc: (94.2387, 93.7479), Test acc: (95.2817, 94.9199)
Epoch 48, training Time(s): 0.0201, estimated train loss 0.3492, acc 98.2546, 98.2456
evaluation Time: 0.0321, Train loss: 0.3100, Val loss: 0.3508, Test loss: 0.3652
Train acc: (98.5626, 98.5734), Val acc: (94.2387, 93.7479), Test acc: (95.2465, 94.8876)
Epoch 49, training Time(s): 0.0266, estimated train loss 0.3530, acc 97.8439, 97.8016
evaluation Time: 0.0297, Train loss: 0.3087, Val loss: 0.3513, Test loss: 0.3654
Train acc: (98.5626, 98.5734), Val acc: (94.2387, 93.7479), Test acc: (95.0704, 94.7017)
Epoch 50, training Time(s): 0.0238, estimated train loss 0.3520, acc 97.9466, 97.9270
evaluation Time: 0.0379, Train loss: 0.3074, Val loss: 0.3516, Test loss: 0.3656
Train acc: (98.6653, 98.6686), Val acc: (94.6502, 94.1687), Test acc: (95.0704, 94.7017)
	Current best at epoch 30 with Val loss 0.3415 (94.2387, 93.8058), Test loss 0.3641 (95.3521, 95.0381)Epoch 51, training Time(s): 0.0263, estimated train loss 0.3484, acc 97.6386, 97.5448
evaluation Time: 0.0370, Train loss: 0.3062, Val loss: 0.3519, Test loss: 0.3658
Train acc: (98.6653, 98.6686), Val acc: (94.6502, 94.1687), Test acc: (95.0704, 94.7017)
Epoch 52, training Time(s): 0.0206, estimated train loss 0.3489, acc 97.5359, 97.4573
evaluation Time: 0.0473, Train loss: 0.3050, Val loss: 0.3522, Test loss: 0.3660
Train acc: (98.6653, 98.6686), Val acc: (94.6502, 94.1687), Test acc: (95.0704, 94.6894)
Epoch 53, training Time(s): 0.0243, estimated train loss 0.3472, acc 98.1520, 98.1823
evaluation Time: 0.0309, Train loss: 0.3038, Val loss: 0.3524, Test loss: 0.3661
Train acc: (98.6653, 98.6686), Val acc: (94.6502, 94.1687), Test acc: (95.0704, 94.7001)
Epoch 54, training Time(s): 0.0208, estimated train loss 0.3453, acc 97.9466, 97.9422
evaluation Time: 0.0291, Train loss: 0.3026, Val loss: 0.3526, Test loss: 0.3661
Train acc: (98.6653, 98.6686), Val acc: (94.6502, 94.1687), Test acc: (95.0352, 94.6600)
Epoch 55, training Time(s): 0.0189, estimated train loss 0.3467, acc 97.8439, 97.7672
evaluation Time: 0.0315, Train loss: 0.3015, Val loss: 0.3527, Test loss: 0.3661
Train acc: (98.7680, 98.7638), Val acc: (94.6502, 94.1687), Test acc: (95.0000, 94.6191)
Epoch 56, training Time(s): 0.0393, estimated train loss 0.3445, acc 98.1520, 98.1071
evaluation Time: 0.0290, Train loss: 0.3004, Val loss: 0.3528, Test loss: 0.3660
Train acc: (98.7680, 98.7638), Val acc: (94.6502, 94.1687), Test acc: (94.9648, 94.5858)
Epoch 57, training Time(s): 0.0199, estimated train loss 0.3423, acc 98.0493, 98.0148
evaluation Time: 0.0317, Train loss: 0.2993, Val loss: 0.3528, Test loss: 0.3658
Train acc: (98.7680, 98.7638), Val acc: (94.2387, 93.7870), Test acc: (95.0704, 94.6980)
Epoch 58, training Time(s): 0.0261, estimated train loss 0.3379, acc 97.9466, 97.9423
evaluation Time: 0.0559, Train loss: 0.2983, Val loss: 0.3530, Test loss: 0.3656
Train acc: (98.7680, 98.7638), Val acc: (94.2387, 93.7870), Test acc: (95.1056, 94.7317)
Epoch 59, training Time(s): 0.0281, estimated train loss 0.3436, acc 98.0493, 98.0141
evaluation Time: 0.0299, Train loss: 0.2974, Val loss: 0.3532, Test loss: 0.3654
Train acc: (98.7680, 98.7638), Val acc: (94.2387, 93.7870), Test acc: (95.2465, 94.8817)
Epoch 60, training Time(s): 0.0240, estimated train loss 0.3372, acc 98.4600, 98.4501
evaluation Time: 0.0294, Train loss: 0.2966, Val loss: 0.3534, Test loss: 0.3651
Train acc: (98.7680, 98.7638), Val acc: (94.2387, 93.7870), Test acc: (95.2465, 94.8817)
	Current best at epoch 30 with Val loss 0.3415 (94.2387, 93.8058), Test loss 0.3641 (95.3521, 95.0381)Epoch 61, training Time(s): 0.0302, estimated train loss 0.3404, acc 98.5626, 98.5333
evaluation Time: 0.0599, Train loss: 0.2958, Val loss: 0.3534, Test loss: 0.3650
Train acc: (98.8706, 98.8586), Val acc: (94.2387, 93.7870), Test acc: (95.1761, 94.8075)
Epoch 62, training Time(s): 0.0301, estimated train loss 0.3390, acc 98.1520, 98.1030
evaluation Time: 0.0404, Train loss: 0.2950, Val loss: 0.3535, Test loss: 0.3649
Train acc: (98.8706, 98.8586), Val acc: (94.2387, 93.7870), Test acc: (95.1408, 94.7666)
Epoch 63, training Time(s): 0.0281, estimated train loss 0.3343, acc 98.6653, 98.6412
evaluation Time: 0.0421, Train loss: 0.2942, Val loss: 0.3536, Test loss: 0.3648
Train acc: (98.8706, 98.8586), Val acc: (94.2387, 93.7870), Test acc: (95.1761, 94.8004)
Epoch 64, training Time(s): 0.0543, estimated train loss 0.3366, acc 98.4600, 98.4228
evaluation Time: 0.1647, Train loss: 0.2934, Val loss: 0.3537, Test loss: 0.3649
Train acc: (98.8706, 98.8586), Val acc: (94.2387, 93.7870), Test acc: (95.1761, 94.8004)
Epoch 65, training Time(s): 0.0200, estimated train loss 0.3352, acc 98.6653, 98.6548
evaluation Time: 0.0362, Train loss: 0.2925, Val loss: 0.3538, Test loss: 0.3649
Train acc: (98.8706, 98.8586), Val acc: (94.2387, 93.7870), Test acc: (95.2113, 94.8331)
Epoch 66, training Time(s): 0.0232, estimated train loss 0.3328, acc 98.5626, 98.5136
evaluation Time: 0.0422, Train loss: 0.2917, Val loss: 0.3539, Test loss: 0.3650
Train acc: (98.8706, 98.8586), Val acc: (94.2387, 93.7870), Test acc: (95.1761, 94.7943)
Epoch 67, training Time(s): 0.0208, estimated train loss 0.3318, acc 98.8706, 98.8728
evaluation Time: 0.0341, Train loss: 0.2908, Val loss: 0.3540, Test loss: 0.3652
Train acc: (98.8706, 98.8586), Val acc: (94.2387, 93.7870), Test acc: (95.1761, 94.7985)
Epoch 68, training Time(s): 0.0220, estimated train loss 0.3320, acc 98.4600, 98.4102
evaluation Time: 0.0328, Train loss: 0.2900, Val loss: 0.3539, Test loss: 0.3653
Train acc: (98.8706, 98.8586), Val acc: (94.2387, 93.7870), Test acc: (95.1761, 94.7985)
Epoch 69, training Time(s): 0.0260, estimated train loss 0.3317, acc 98.7680, 98.7568
evaluation Time: 0.0303, Train loss: 0.2892, Val loss: 0.3538, Test loss: 0.3654
Train acc: (98.8706, 98.8586), Val acc: (94.2387, 93.7870), Test acc: (95.1761, 94.7992)
Epoch 70, training Time(s): 0.0403, estimated train loss 0.3292, acc 98.6653, 98.6486
evaluation Time: 0.0497, Train loss: 0.2884, Val loss: 0.3537, Test loss: 0.3655
Train acc: (98.8706, 98.8586), Val acc: (94.6502, 94.1987), Test acc: (95.1761, 94.8094)
	Current best at epoch 30 with Val loss 0.3415 (94.2387, 93.8058), Test loss 0.3641 (95.3521, 95.0381)Epoch 71, training Time(s): 0.0215, estimated train loss 0.3285, acc 98.5626, 98.5392
evaluation Time: 0.0328, Train loss: 0.2876, Val loss: 0.3536, Test loss: 0.3656
Train acc: (98.9733, 98.9676), Val acc: (94.6502, 94.1987), Test acc: (95.2113, 94.8522)
Epoch 72, training Time(s): 0.0213, estimated train loss 0.3266, acc 98.6653, 98.6300
evaluation Time: 0.0400, Train loss: 0.2867, Val loss: 0.3536, Test loss: 0.3658
Train acc: (98.9733, 98.9676), Val acc: (95.0617, 94.7064), Test acc: (95.2465, 94.8860)
Epoch 73, training Time(s): 0.0217, estimated train loss 0.3259, acc 98.7680, 98.7503
evaluation Time: 0.0342, Train loss: 0.2859, Val loss: 0.3538, Test loss: 0.3660
Train acc: (98.9733, 98.9676), Val acc: (94.6502, 94.2940), Test acc: (95.2465, 94.8860)
Epoch 74, training Time(s): 0.0192, estimated train loss 0.3274, acc 98.8706, 98.8442
evaluation Time: 0.0425, Train loss: 0.2850, Val loss: 0.3540, Test loss: 0.3662
Train acc: (99.0760, 99.0624), Val acc: (94.6502, 94.2940), Test acc: (95.1761, 94.8111)
Epoch 75, training Time(s): 0.0256, estimated train loss 0.3264, acc 98.8706, 98.8586
evaluation Time: 0.0452, Train loss: 0.2841, Val loss: 0.3544, Test loss: 0.3666
Train acc: (99.0760, 99.0624), Val acc: (94.6502, 94.2940), Test acc: (95.1056, 94.7384)
Epoch 76, training Time(s): 0.0339, estimated train loss 0.3273, acc 98.4600, 98.4284
evaluation Time: 0.0361, Train loss: 0.2832, Val loss: 0.3548, Test loss: 0.3669
Train acc: (99.0760, 99.0624), Val acc: (94.6502, 94.2940), Test acc: (95.0352, 94.6671)
Epoch 77, training Time(s): 0.0269, estimated train loss 0.3224, acc 98.8706, 98.8555
evaluation Time: 0.0334, Train loss: 0.2824, Val loss: 0.3552, Test loss: 0.3672
Train acc: (99.0760, 99.0624), Val acc: (94.6502, 94.2940), Test acc: (95.0352, 94.6704)
Epoch 78, training Time(s): 0.0260, estimated train loss 0.3206, acc 99.0760, 99.0628
evaluation Time: 0.0587, Train loss: 0.2817, Val loss: 0.3555, Test loss: 0.3675
Train acc: (99.0760, 99.0624), Val acc: (94.6502, 94.2940), Test acc: (95.0000, 94.6259)
Epoch 79, training Time(s): 0.0333, estimated train loss 0.3253, acc 98.6653, 98.6486
evaluation Time: 0.0492, Train loss: 0.2809, Val loss: 0.3558, Test loss: 0.3677
Train acc: (99.0760, 99.0624), Val acc: (94.6502, 94.2940), Test acc: (94.9648, 94.5866)
Epoch 80, training Time(s): 0.0266, estimated train loss 0.3225, acc 98.9733, 98.9336
evaluation Time: 0.0348, Train loss: 0.2802, Val loss: 0.3559, Test loss: 0.3679
Train acc: (99.1786, 99.1577), Val acc: (94.6502, 94.2940), Test acc: (94.9648, 94.5866)
	Current best at epoch 30 with Val loss 0.3415 (94.2387, 93.8058), Test loss 0.3641 (95.3521, 95.0381)average train times 0.02730750456088927
Best Epoch 30 at 0802dda82d4b415bad17da5e15601753
	Final Val loss 0.3415 (94.2387, 93.8058), Test loss 0.3641 (95.3521, 95.0381)
train_acc (96.92, 96.81) val_acc (94.24, 93.81) test_acc (95.35, 95.04)
0802dda82d4b415bad17da5e15601753
