Epoch 0, training Time(s): 0.0929, estimated train loss 1.7454, acc 23.9220, 23.9770
evaluation Time: 0.0384, Train loss: 0.7007, Val loss: 0.7561, Test loss: 0.7560
Train acc: (78.2341, 77.8369), Val acc: (73.6626, 73.1484), Test acc: (75.9155, 75.2043)
Epoch 1, training Time(s): 0.0391, estimated train loss 1.5482, acc 30.5955, 30.4805
evaluation Time: 0.0876, Train loss: 0.5689, Val loss: 0.6201, Test loss: 0.6204
Train acc: (86.4476, 86.0075), Val acc: (88.0658, 87.1840), Test acc: (84.6127, 83.7553)
Epoch 2, training Time(s): 0.0653, estimated train loss 1.4488, acc 33.4702, 33.2479
evaluation Time: 0.0312, Train loss: 0.5163, Val loss: 0.5637, Test loss: 0.5611
Train acc: (90.3491, 90.0012), Val acc: (88.8889, 87.9662), Test acc: (88.5915, 87.7703)
Epoch 3, training Time(s): 0.0235, estimated train loss 1.2842, acc 42.2998, 42.0806
evaluation Time: 0.0739, Train loss: 0.4969, Val loss: 0.5395, Test loss: 0.5356
Train acc: (91.9918, 91.6872), Val acc: (90.5350, 89.7736), Test acc: (89.6479, 88.8763)
Epoch 4, training Time(s): 0.0308, estimated train loss 1.0859, acc 52.0534, 51.1096
evaluation Time: 0.0309, Train loss: 0.4816, Val loss: 0.5214, Test loss: 0.5158
Train acc: (92.7105, 92.4410), Val acc: (90.5350, 89.9035), Test acc: (90.8803, 90.2088)
Epoch 5, training Time(s): 0.0223, estimated train loss 0.8292, acc 72.9979, 71.8364
evaluation Time: 0.0760, Train loss: 0.4634, Val loss: 0.4992, Test loss: 0.4929
Train acc: (93.6345, 93.3622), Val acc: (90.9465, 90.3465), Test acc: (92.2535, 91.6935)
Epoch 6, training Time(s): 0.0258, estimated train loss 0.6921, acc 80.8008, 79.9496
evaluation Time: 0.0377, Train loss: 0.4428, Val loss: 0.4744, Test loss: 0.4690
Train acc: (93.9425, 93.6888), Val acc: (93.0041, 92.4919), Test acc: (92.8169, 92.2790)
Epoch 7, training Time(s): 0.0221, estimated train loss 0.6089, acc 87.5770, 87.0520
evaluation Time: 0.0706, Train loss: 0.4240, Val loss: 0.4490, Test loss: 0.4471
Train acc: (94.1478, 93.8932), Val acc: (94.2387, 93.6696), Test acc: (93.0634, 92.5256)
Epoch 8, training Time(s): 0.0225, estimated train loss 0.5401, acc 91.1704, 90.7352
evaluation Time: 0.0403, Train loss: 0.4071, Val loss: 0.4258, Test loss: 0.4278
Train acc: (94.4559, 94.2303), Val acc: (94.6502, 94.1671), Test acc: (93.3099, 92.7651)
Epoch 9, training Time(s): 0.0482, estimated train loss 0.4949, acc 92.9158, 92.5574
evaluation Time: 0.0456, Train loss: 0.3977, Val loss: 0.4113, Test loss: 0.4163
Train acc: (94.2505, 94.0141), Val acc: (94.6502, 94.1671), Test acc: (93.3803, 92.8429)
Epoch 10, training Time(s): 0.0426, estimated train loss 0.4711, acc 92.6078, 92.2597
evaluation Time: 0.0372, Train loss: 0.3927, Val loss: 0.4025, Test loss: 0.4098
Train acc: (94.4559, 94.2180), Val acc: (94.6502, 94.1671), Test acc: (93.5915, 93.0457)
	Current best at epoch 10 with Val loss 0.4025 (94.6502, 94.1671), Test loss 0.4098 (93.5915, 93.0457)Epoch 11, training Time(s): 0.0217, estimated train loss 0.4663, acc 93.5318, 93.2073
evaluation Time: 0.0379, Train loss: 0.3892, Val loss: 0.3965, Test loss: 0.4053
Train acc: (94.3532, 94.1088), Val acc: (94.2387, 93.6697), Test acc: (93.8028, 93.2846)
Epoch 12, training Time(s): 0.0220, estimated train loss 0.4468, acc 94.0452, 93.7387
evaluation Time: 0.0830, Train loss: 0.3861, Val loss: 0.3918, Test loss: 0.4018
Train acc: (94.5585, 94.3036), Val acc: (94.6502, 94.1669), Test acc: (93.9789, 93.4841)
Epoch 13, training Time(s): 0.0281, estimated train loss 0.4453, acc 93.5318, 93.2511
evaluation Time: 0.0469, Train loss: 0.3832, Val loss: 0.3880, Test loss: 0.3987
Train acc: (94.6612, 94.4093), Val acc: (95.0617, 94.5987), Test acc: (94.3310, 93.8891)
Epoch 14, training Time(s): 0.0216, estimated train loss 0.4303, acc 94.6612, 94.3511
evaluation Time: 0.0316, Train loss: 0.3801, Val loss: 0.3848, Test loss: 0.3957
Train acc: (95.0719, 94.8670), Val acc: (95.0617, 94.5987), Test acc: (94.5070, 94.0805)
Epoch 15, training Time(s): 0.0228, estimated train loss 0.4306, acc 94.8665, 94.6183
evaluation Time: 0.0298, Train loss: 0.3767, Val loss: 0.3818, Test loss: 0.3925
Train acc: (95.2772, 95.0992), Val acc: (95.0617, 94.5987), Test acc: (94.6831, 94.2765)
Epoch 16, training Time(s): 0.0331, estimated train loss 0.4240, acc 94.4559, 94.1598
evaluation Time: 0.0269, Train loss: 0.3728, Val loss: 0.3787, Test loss: 0.3890
Train acc: (95.4825, 95.3213), Val acc: (95.4733, 95.0826), Test acc: (94.7535, 94.3401)
Epoch 17, training Time(s): 0.0342, estimated train loss 0.4245, acc 94.2505, 93.9874
evaluation Time: 0.0366, Train loss: 0.3687, Val loss: 0.3757, Test loss: 0.3854
Train acc: (95.6879, 95.5435), Val acc: (95.0617, 94.7102), Test acc: (95.0352, 94.6362)
Epoch 18, training Time(s): 0.0342, estimated train loss 0.4118, acc 94.5585, 94.3153
evaluation Time: 0.0335, Train loss: 0.3645, Val loss: 0.3728, Test loss: 0.3817
Train acc: (95.7906, 95.6545), Val acc: (95.0617, 94.7102), Test acc: (95.0352, 94.6329)
Epoch 19, training Time(s): 0.0193, estimated train loss 0.4177, acc 94.9692, 94.7881
evaluation Time: 0.1460, Train loss: 0.3605, Val loss: 0.3704, Test loss: 0.3783
Train acc: (95.7906, 95.6545), Val acc: (94.6502, 94.3094), Test acc: (95.1056, 94.7154)
Epoch 20, training Time(s): 0.0453, estimated train loss 0.4061, acc 95.0719, 94.8284
evaluation Time: 0.0488, Train loss: 0.3568, Val loss: 0.3685, Test loss: 0.3753
Train acc: (95.7906, 95.6545), Val acc: (94.2387, 93.7967), Test acc: (95.0704, 94.6959)
	Current best at epoch 20 with Val loss 0.3685 (94.2387, 93.7967), Test loss 0.3753 (95.0704, 94.6959)Epoch 21, training Time(s): 0.0199, estimated train loss 0.4054, acc 95.3799, 95.2302
evaluation Time: 0.0335, Train loss: 0.3535, Val loss: 0.3671, Test loss: 0.3728
Train acc: (95.6879, 95.5344), Val acc: (94.2387, 93.7967), Test acc: (95.0704, 94.7058)
Epoch 22, training Time(s): 0.0599, estimated train loss 0.3991, acc 95.2772, 95.0499
evaluation Time: 0.0312, Train loss: 0.3505, Val loss: 0.3661, Test loss: 0.3708
Train acc: (95.8932, 95.7209), Val acc: (94.2387, 93.7967), Test acc: (95.0704, 94.7126)
Epoch 23, training Time(s): 0.0458, estimated train loss 0.3934, acc 95.1745, 94.9427
evaluation Time: 0.0572, Train loss: 0.3479, Val loss: 0.3656, Test loss: 0.3691
Train acc: (95.8932, 95.7209), Val acc: (93.8272, 93.3478), Test acc: (95.0704, 94.6978)
Epoch 24, training Time(s): 0.0245, estimated train loss 0.3925, acc 94.8665, 94.6425
evaluation Time: 0.0283, Train loss: 0.3456, Val loss: 0.3654, Test loss: 0.3679
Train acc: (96.0986, 95.9441), Val acc: (93.4156, 92.8368), Test acc: (95.1761, 94.8138)
Epoch 25, training Time(s): 0.0237, estimated train loss 0.3888, acc 95.5852, 95.4033
evaluation Time: 0.0407, Train loss: 0.3434, Val loss: 0.3653, Test loss: 0.3668
Train acc: (96.0986, 95.9341), Val acc: (93.4156, 92.8368), Test acc: (95.1761, 94.8110)
Epoch 26, training Time(s): 0.0374, estimated train loss 0.3805, acc 95.8932, 95.7653
evaluation Time: 0.0394, Train loss: 0.3412, Val loss: 0.3652, Test loss: 0.3658
Train acc: (96.4066, 96.2541), Val acc: (93.4156, 92.8368), Test acc: (95.1408, 94.7786)
Epoch 27, training Time(s): 0.0203, estimated train loss 0.3823, acc 95.8932, 95.7333
evaluation Time: 0.0347, Train loss: 0.3391, Val loss: 0.3651, Test loss: 0.3650
Train acc: (96.4066, 96.2541), Val acc: (93.4156, 92.8368), Test acc: (95.2113, 94.8522)
Epoch 28, training Time(s): 0.0249, estimated train loss 0.3878, acc 94.8665, 94.6201
evaluation Time: 0.0360, Train loss: 0.3370, Val loss: 0.3649, Test loss: 0.3642
Train acc: (96.6119, 96.4700), Val acc: (93.4156, 92.8368), Test acc: (95.2465, 94.8964)
Epoch 29, training Time(s): 0.0204, estimated train loss 0.3777, acc 95.0719, 94.8788
evaluation Time: 0.0354, Train loss: 0.3349, Val loss: 0.3648, Test loss: 0.3635
Train acc: (96.9199, 96.8117), Val acc: (93.4156, 92.8368), Test acc: (95.3873, 95.0372)
Epoch 30, training Time(s): 0.0245, estimated train loss 0.3790, acc 96.0986, 95.9252
evaluation Time: 0.0346, Train loss: 0.3330, Val loss: 0.3647, Test loss: 0.3629
Train acc: (97.0226, 96.8895), Val acc: (93.4156, 92.8368), Test acc: (95.3521, 95.0075)
	Current best at epoch 30 with Val loss 0.3647 (93.4156, 92.8368), Test loss 0.3629 (95.3521, 95.0075)Epoch 31, training Time(s): 0.0222, estimated train loss 0.3734, acc 96.3039, 96.2392
evaluation Time: 0.0297, Train loss: 0.3311, Val loss: 0.3647, Test loss: 0.3624
Train acc: (97.1253, 97.0055), Val acc: (93.4156, 92.8368), Test acc: (95.3873, 95.0459)
Epoch 32, training Time(s): 0.0334, estimated train loss 0.3792, acc 95.8932, 95.7268
evaluation Time: 0.0834, Train loss: 0.3294, Val loss: 0.3646, Test loss: 0.3621
Train acc: (97.0226, 96.8897), Val acc: (93.4156, 92.8368), Test acc: (95.4577, 95.1266)
Epoch 33, training Time(s): 0.0340, estimated train loss 0.3725, acc 95.4825, 95.2312
evaluation Time: 0.0314, Train loss: 0.3277, Val loss: 0.3644, Test loss: 0.3619
Train acc: (97.0226, 96.8897), Val acc: (93.4156, 92.8368), Test acc: (95.5282, 95.1958)
Epoch 34, training Time(s): 0.0200, estimated train loss 0.3699, acc 95.8932, 95.7399
evaluation Time: 0.0662, Train loss: 0.3261, Val loss: 0.3643, Test loss: 0.3617
Train acc: (97.0226, 96.8897), Val acc: (93.4156, 92.8368), Test acc: (95.5282, 95.1958)
Epoch 35, training Time(s): 0.0219, estimated train loss 0.3663, acc 96.0986, 95.9700
evaluation Time: 0.0302, Train loss: 0.3246, Val loss: 0.3641, Test loss: 0.3616
Train acc: (97.1253, 97.0057), Val acc: (93.4156, 92.8368), Test acc: (95.4225, 95.0788)
Epoch 36, training Time(s): 0.0547, estimated train loss 0.3630, acc 96.6119, 96.4645
evaluation Time: 0.0468, Train loss: 0.3232, Val loss: 0.3640, Test loss: 0.3616
Train acc: (97.1253, 97.0057), Val acc: (93.4156, 92.8368), Test acc: (95.3873, 95.0450)
Epoch 37, training Time(s): 0.0202, estimated train loss 0.3687, acc 96.5092, 96.3653
evaluation Time: 0.0359, Train loss: 0.3220, Val loss: 0.3640, Test loss: 0.3618
Train acc: (97.4333, 97.3253), Val acc: (93.4156, 92.8368), Test acc: (95.3521, 95.0137)
Epoch 38, training Time(s): 0.0350, estimated train loss 0.3627, acc 97.1253, 97.0170
evaluation Time: 0.0448, Train loss: 0.3207, Val loss: 0.3640, Test loss: 0.3620
Train acc: (97.6386, 97.5518), Val acc: (94.2387, 93.5968), Test acc: (95.3169, 94.9736)
Epoch 39, training Time(s): 0.0450, estimated train loss 0.3577, acc 97.3306, 97.2410
evaluation Time: 0.0401, Train loss: 0.3194, Val loss: 0.3640, Test loss: 0.3622
Train acc: (97.7413, 97.6667), Val acc: (94.2387, 93.5968), Test acc: (95.3169, 94.9603)
Epoch 40, training Time(s): 0.0242, estimated train loss 0.3604, acc 96.7146, 96.6078
evaluation Time: 0.0467, Train loss: 0.3182, Val loss: 0.3641, Test loss: 0.3623
Train acc: (97.7413, 97.6667), Val acc: (94.2387, 93.5968), Test acc: (95.2817, 94.9136)
	Current best at epoch 37 with Val loss 0.3640 (93.4156, 92.8368), Test loss 0.3618 (95.3521, 95.0137)Epoch 41, training Time(s): 0.0210, estimated train loss 0.3606, acc 97.0226, 96.9283
evaluation Time: 0.0399, Train loss: 0.3169, Val loss: 0.3641, Test loss: 0.3625
Train acc: (97.9466, 97.8750), Val acc: (94.2387, 93.5968), Test acc: (95.3521, 94.9895)
Epoch 42, training Time(s): 0.0742, estimated train loss 0.3474, acc 97.4333, 97.4107
evaluation Time: 0.0316, Train loss: 0.3156, Val loss: 0.3641, Test loss: 0.3627
Train acc: (98.0493, 97.9873), Val acc: (94.6502, 94.1123), Test acc: (95.3521, 94.9862)
Epoch 43, training Time(s): 0.0218, estimated train loss 0.3586, acc 96.7146, 96.5734
evaluation Time: 0.0303, Train loss: 0.3142, Val loss: 0.3641, Test loss: 0.3627
Train acc: (98.2546, 98.2145), Val acc: (94.6502, 94.1123), Test acc: (95.3521, 94.9909)
Epoch 44, training Time(s): 0.0240, estimated train loss 0.3567, acc 97.1253, 96.9965
evaluation Time: 0.0485, Train loss: 0.3128, Val loss: 0.3640, Test loss: 0.3627
Train acc: (98.3573, 98.3271), Val acc: (93.8272, 93.2297), Test acc: (95.4225, 95.0598)
Epoch 45, training Time(s): 0.0258, estimated train loss 0.3536, acc 97.3306, 97.2766
evaluation Time: 0.0376, Train loss: 0.3113, Val loss: 0.3640, Test loss: 0.3628
Train acc: (98.4600, 98.4233), Val acc: (93.8272, 93.2297), Test acc: (95.4577, 95.1001)
Epoch 46, training Time(s): 0.0315, estimated train loss 0.3479, acc 97.4333, 97.3365
evaluation Time: 0.0412, Train loss: 0.3099, Val loss: 0.3639, Test loss: 0.3628
Train acc: (98.4600, 98.4233), Val acc: (94.2387, 93.6736), Test acc: (95.4930, 95.1405)
Epoch 47, training Time(s): 0.0297, estimated train loss 0.3470, acc 97.7413, 97.6579
evaluation Time: 0.0443, Train loss: 0.3085, Val loss: 0.3638, Test loss: 0.3628
Train acc: (98.4600, 98.4233), Val acc: (94.2387, 93.6736), Test acc: (95.4930, 95.1355)
Epoch 48, training Time(s): 0.0204, estimated train loss 0.3466, acc 97.9466, 97.8796
evaluation Time: 0.0839, Train loss: 0.3071, Val loss: 0.3638, Test loss: 0.3628
Train acc: (98.5626, 98.5335), Val acc: (94.2387, 93.6736), Test acc: (95.5282, 95.1758)
Epoch 49, training Time(s): 0.0372, estimated train loss 0.3436, acc 97.8439, 97.7844
evaluation Time: 0.0362, Train loss: 0.3056, Val loss: 0.3639, Test loss: 0.3629
Train acc: (98.6653, 98.6301), Val acc: (94.2387, 93.6736), Test acc: (95.5282, 95.1790)
Epoch 50, training Time(s): 0.0306, estimated train loss 0.3435, acc 97.5359, 97.4224
evaluation Time: 0.0396, Train loss: 0.3043, Val loss: 0.3640, Test loss: 0.3629
Train acc: (98.6653, 98.6301), Val acc: (94.2387, 93.6736), Test acc: (95.5282, 95.1738)
	Current best at epoch 47 with Val loss 0.3638 (94.2387, 93.6736), Test loss 0.3628 (95.4930, 95.1355)Epoch 51, training Time(s): 0.0360, estimated train loss 0.3427, acc 98.2546, 98.1700
evaluation Time: 0.0313, Train loss: 0.3030, Val loss: 0.3641, Test loss: 0.3630
Train acc: (98.7680, 98.7478), Val acc: (94.2387, 93.6736), Test acc: (95.5282, 95.1790)
Epoch 52, training Time(s): 0.0336, estimated train loss 0.3382, acc 98.2546, 98.2244
evaluation Time: 0.0353, Train loss: 0.3017, Val loss: 0.3642, Test loss: 0.3632
Train acc: (98.6653, 98.6515), Val acc: (94.2387, 93.6736), Test acc: (95.4930, 95.1414)
Epoch 53, training Time(s): 0.0214, estimated train loss 0.3441, acc 97.6386, 97.5827
evaluation Time: 0.0290, Train loss: 0.3005, Val loss: 0.3644, Test loss: 0.3633
Train acc: (98.6653, 98.6515), Val acc: (94.2387, 93.6736), Test acc: (95.4930, 95.1414)
Epoch 54, training Time(s): 0.0198, estimated train loss 0.3388, acc 98.2546, 98.2180
evaluation Time: 0.0350, Train loss: 0.2994, Val loss: 0.3646, Test loss: 0.3635
Train acc: (98.6653, 98.6515), Val acc: (94.2387, 93.6736), Test acc: (95.4930, 95.1402)
Epoch 55, training Time(s): 0.0511, estimated train loss 0.3403, acc 98.2546, 98.2127
evaluation Time: 0.0292, Train loss: 0.2983, Val loss: 0.3648, Test loss: 0.3636
Train acc: (98.6653, 98.6515), Val acc: (94.2387, 93.6736), Test acc: (95.4225, 95.0629)
Epoch 56, training Time(s): 0.0239, estimated train loss 0.3373, acc 98.0493, 97.9946
evaluation Time: 0.0290, Train loss: 0.2974, Val loss: 0.3649, Test loss: 0.3637
Train acc: (98.6653, 98.6515), Val acc: (94.2387, 93.6736), Test acc: (95.3521, 94.9820)
Epoch 57, training Time(s): 0.0216, estimated train loss 0.3385, acc 98.5626, 98.5036
evaluation Time: 0.0316, Train loss: 0.2964, Val loss: 0.3650, Test loss: 0.3637
Train acc: (98.7680, 98.7616), Val acc: (94.2387, 93.6736), Test acc: (95.3521, 94.9820)
Epoch 58, training Time(s): 0.0289, estimated train loss 0.3400, acc 98.0493, 97.9819
evaluation Time: 0.0393, Train loss: 0.2954, Val loss: 0.3650, Test loss: 0.3638
Train acc: (98.8706, 98.8581), Val acc: (93.8272, 93.2297), Test acc: (95.3521, 94.9820)
Epoch 59, training Time(s): 0.0386, estimated train loss 0.3362, acc 98.5626, 98.5335
evaluation Time: 0.0393, Train loss: 0.2945, Val loss: 0.3651, Test loss: 0.3639
Train acc: (98.8706, 98.8581), Val acc: (93.8272, 93.2297), Test acc: (95.3873, 95.0188)
Epoch 60, training Time(s): 0.0249, estimated train loss 0.3321, acc 98.6653, 98.6349
evaluation Time: 0.0327, Train loss: 0.2936, Val loss: 0.3651, Test loss: 0.3639
Train acc: (98.9733, 98.9678), Val acc: (93.8272, 93.2297), Test acc: (95.3873, 95.0188)
	Current best at epoch 47 with Val loss 0.3638 (94.2387, 93.6736), Test loss 0.3628 (95.4930, 95.1355)Epoch 61, training Time(s): 0.0203, estimated train loss 0.3331, acc 98.5626, 98.5156
evaluation Time: 0.0424, Train loss: 0.2927, Val loss: 0.3650, Test loss: 0.3639
Train acc: (98.9733, 98.9678), Val acc: (94.2387, 93.6736), Test acc: (95.3873, 95.0188)
Epoch 62, training Time(s): 0.0591, estimated train loss 0.3324, acc 98.4600, 98.4167
evaluation Time: 0.0369, Train loss: 0.2918, Val loss: 0.3649, Test loss: 0.3639
Train acc: (98.9733, 98.9678), Val acc: (94.2387, 93.6736), Test acc: (95.3873, 95.0188)
Epoch 63, training Time(s): 0.0339, estimated train loss 0.3328, acc 98.1520, 98.0737
evaluation Time: 0.0350, Train loss: 0.2909, Val loss: 0.3647, Test loss: 0.3640
Train acc: (98.9733, 98.9678), Val acc: (94.2387, 93.6736), Test acc: (95.3169, 94.9449)
Epoch 64, training Time(s): 0.0207, estimated train loss 0.3329, acc 98.5626, 98.4975
evaluation Time: 0.0289, Train loss: 0.2900, Val loss: 0.3647, Test loss: 0.3641
Train acc: (98.9733, 98.9678), Val acc: (93.8272, 93.2843), Test acc: (95.3169, 94.9449)
Epoch 65, training Time(s): 0.0190, estimated train loss 0.3314, acc 98.4600, 98.4293
evaluation Time: 0.0372, Train loss: 0.2891, Val loss: 0.3648, Test loss: 0.3642
Train acc: (98.9733, 98.9678), Val acc: (93.8272, 93.2843), Test acc: (95.2817, 94.9042)
Epoch 66, training Time(s): 0.0206, estimated train loss 0.3283, acc 98.3573, 98.3071
evaluation Time: 0.0339, Train loss: 0.2883, Val loss: 0.3648, Test loss: 0.3644
Train acc: (99.1786, 99.1778), Val acc: (93.8272, 93.2843), Test acc: (95.2465, 94.8704)
Epoch 67, training Time(s): 0.0212, estimated train loss 0.3273, acc 98.4600, 98.4347
evaluation Time: 0.0344, Train loss: 0.2874, Val loss: 0.3649, Test loss: 0.3646
Train acc: (99.2813, 99.2875), Val acc: (93.8272, 93.2843), Test acc: (95.2113, 94.8376)
Epoch 68, training Time(s): 0.0321, estimated train loss 0.3256, acc 98.7680, 98.7407
evaluation Time: 0.0311, Train loss: 0.2866, Val loss: 0.3650, Test loss: 0.3648
Train acc: (99.2813, 99.2875), Val acc: (93.8272, 93.2843), Test acc: (95.1761, 94.7975)
Epoch 69, training Time(s): 0.0209, estimated train loss 0.3286, acc 98.4600, 98.4342
evaluation Time: 0.0361, Train loss: 0.2859, Val loss: 0.3652, Test loss: 0.3650
Train acc: (99.2813, 99.2875), Val acc: (93.8272, 93.2843), Test acc: (95.1408, 94.7585)
Epoch 70, training Time(s): 0.0284, estimated train loss 0.3270, acc 98.6653, 98.6581
evaluation Time: 0.0286, Train loss: 0.2851, Val loss: 0.3653, Test loss: 0.3652
Train acc: (99.2813, 99.2875), Val acc: (93.8272, 93.2843), Test acc: (95.1408, 94.7585)
	Current best at epoch 47 with Val loss 0.3638 (94.2387, 93.6736), Test loss 0.3628 (95.4930, 95.1355)Epoch 71, training Time(s): 0.0719, estimated train loss 0.3267, acc 98.7680, 98.7420
evaluation Time: 0.0272, Train loss: 0.2844, Val loss: 0.3657, Test loss: 0.3654
Train acc: (99.2813, 99.2875), Val acc: (93.4156, 92.8420), Test acc: (95.0704, 94.6850)
Epoch 72, training Time(s): 0.0213, estimated train loss 0.3238, acc 99.0760, 99.0653
evaluation Time: 0.0364, Train loss: 0.2837, Val loss: 0.3661, Test loss: 0.3656
Train acc: (99.2813, 99.2875), Val acc: (93.4156, 92.8420), Test acc: (95.0704, 94.6850)
Epoch 73, training Time(s): 0.0199, estimated train loss 0.3229, acc 98.8706, 98.8713
evaluation Time: 0.0368, Train loss: 0.2830, Val loss: 0.3665, Test loss: 0.3659
Train acc: (99.2813, 99.2875), Val acc: (93.4156, 92.8420), Test acc: (95.1056, 94.7188)
Epoch 74, training Time(s): 0.0204, estimated train loss 0.3216, acc 99.1786, 99.1521
evaluation Time: 0.0293, Train loss: 0.2822, Val loss: 0.3669, Test loss: 0.3662
Train acc: (99.3840, 99.3879), Val acc: (93.4156, 92.8420), Test acc: (95.0704, 94.6815)
Epoch 75, training Time(s): 0.0212, estimated train loss 0.3245, acc 98.9733, 98.9187
evaluation Time: 0.0313, Train loss: 0.2815, Val loss: 0.3673, Test loss: 0.3664
Train acc: (99.3840, 99.3879), Val acc: (93.8272, 93.2990), Test acc: (95.0704, 94.6815)
Epoch 76, training Time(s): 0.0229, estimated train loss 0.3197, acc 98.9733, 98.9516
evaluation Time: 0.0330, Train loss: 0.2808, Val loss: 0.3677, Test loss: 0.3667
Train acc: (99.4867, 99.4841), Val acc: (93.8272, 93.2990), Test acc: (95.1056, 94.7200)
Epoch 77, training Time(s): 0.0218, estimated train loss 0.3165, acc 99.0760, 99.0651
evaluation Time: 0.0388, Train loss: 0.2801, Val loss: 0.3681, Test loss: 0.3669
Train acc: (99.4867, 99.4841), Val acc: (93.8272, 93.2990), Test acc: (95.1408, 94.7601)
Epoch 78, training Time(s): 0.0207, estimated train loss 0.3203, acc 98.9733, 98.9311
evaluation Time: 0.0378, Train loss: 0.2794, Val loss: 0.3685, Test loss: 0.3670
Train acc: (99.4867, 99.4841), Val acc: (93.8272, 93.2990), Test acc: (95.1056, 94.7273)
Epoch 79, training Time(s): 0.0242, estimated train loss 0.3187, acc 99.0760, 99.0437
evaluation Time: 0.0450, Train loss: 0.2788, Val loss: 0.3688, Test loss: 0.3670
Train acc: (99.4867, 99.4841), Val acc: (93.8272, 93.2990), Test acc: (95.1408, 94.7647)
Epoch 80, training Time(s): 0.0194, estimated train loss 0.3169, acc 99.0760, 99.0608
evaluation Time: 0.0308, Train loss: 0.2781, Val loss: 0.3691, Test loss: 0.3671
Train acc: (99.4867, 99.4841), Val acc: (93.8272, 93.2990), Test acc: (95.1408, 94.7647)
	Current best at epoch 47 with Val loss 0.3638 (94.2387, 93.6736), Test loss 0.3628 (95.4930, 95.1355)Epoch 81, training Time(s): 0.0253, estimated train loss 0.3175, acc 98.9733, 98.9336
evaluation Time: 0.0332, Train loss: 0.2774, Val loss: 0.3694, Test loss: 0.3672
Train acc: (99.4867, 99.4841), Val acc: (93.8272, 93.2990), Test acc: (95.1408, 94.7730)
Epoch 82, training Time(s): 0.0223, estimated train loss 0.3147, acc 99.3840, 99.3839
evaluation Time: 0.0285, Train loss: 0.2768, Val loss: 0.3696, Test loss: 0.3674
Train acc: (99.4867, 99.4841), Val acc: (93.4156, 92.9017), Test acc: (95.1408, 94.7730)
Epoch 83, training Time(s): 0.0219, estimated train loss 0.3173, acc 99.2813, 99.2785
evaluation Time: 0.0307, Train loss: 0.2761, Val loss: 0.3698, Test loss: 0.3675
Train acc: (99.4867, 99.4841), Val acc: (93.4156, 92.9017), Test acc: (95.1056, 94.7249)
Epoch 84, training Time(s): 0.0233, estimated train loss 0.3133, acc 99.2813, 99.2789
evaluation Time: 0.0349, Train loss: 0.2756, Val loss: 0.3700, Test loss: 0.3676
Train acc: (99.5893, 99.5845), Val acc: (93.4156, 92.9017), Test acc: (95.0704, 94.6848)
Epoch 85, training Time(s): 0.0242, estimated train loss 0.3144, acc 99.1786, 99.1658
evaluation Time: 0.0727, Train loss: 0.2750, Val loss: 0.3701, Test loss: 0.3677
Train acc: (99.5893, 99.5845), Val acc: (93.4156, 92.9017), Test acc: (95.0352, 94.6474)
Epoch 86, training Time(s): 0.0237, estimated train loss 0.3113, acc 99.1786, 99.1276
evaluation Time: 0.0483, Train loss: 0.2745, Val loss: 0.3702, Test loss: 0.3678
Train acc: (99.5893, 99.5845), Val acc: (93.4156, 92.9017), Test acc: (95.0352, 94.6474)
Epoch 87, training Time(s): 0.0215, estimated train loss 0.3126, acc 99.3840, 99.3574
evaluation Time: 0.0393, Train loss: 0.2739, Val loss: 0.3703, Test loss: 0.3679
Train acc: (99.5893, 99.5845), Val acc: (93.4156, 92.9017), Test acc: (95.0704, 94.6882)
Epoch 88, training Time(s): 0.0251, estimated train loss 0.3122, acc 99.3840, 99.3748
evaluation Time: 0.0787, Train loss: 0.2733, Val loss: 0.3704, Test loss: 0.3681
Train acc: (99.5893, 99.5845), Val acc: (93.4156, 92.9017), Test acc: (95.0704, 94.6882)
Epoch 89, training Time(s): 0.0193, estimated train loss 0.3091, acc 99.3840, 99.3712
evaluation Time: 0.0299, Train loss: 0.2728, Val loss: 0.3705, Test loss: 0.3683
Train acc: (99.6920, 99.6941), Val acc: (93.4156, 92.9017), Test acc: (95.0704, 94.6882)
Epoch 90, training Time(s): 0.0316, estimated train loss 0.3115, acc 99.3840, 99.3752
evaluation Time: 0.0276, Train loss: 0.2723, Val loss: 0.3708, Test loss: 0.3685
Train acc: (99.6920, 99.6941), Val acc: (93.4156, 92.9017), Test acc: (95.0704, 94.6882)
	Current best at epoch 47 with Val loss 0.3638 (94.2387, 93.6736), Test loss 0.3628 (95.4930, 95.1355)Epoch 91, training Time(s): 0.0197, estimated train loss 0.3079, acc 99.3840, 99.3837
evaluation Time: 0.0326, Train loss: 0.2718, Val loss: 0.3710, Test loss: 0.3687
Train acc: (99.6920, 99.6941), Val acc: (93.4156, 92.9017), Test acc: (95.0352, 94.6546)
Epoch 92, training Time(s): 0.0236, estimated train loss 0.3103, acc 99.2813, 99.2656
evaluation Time: 0.0294, Train loss: 0.2713, Val loss: 0.3713, Test loss: 0.3689
Train acc: (99.6920, 99.6941), Val acc: (93.4156, 92.9017), Test acc: (95.0000, 94.6122)
Epoch 93, training Time(s): 0.0274, estimated train loss 0.3087, acc 99.5893, 99.5847
evaluation Time: 0.0308, Train loss: 0.2708, Val loss: 0.3715, Test loss: 0.3691
Train acc: (99.6920, 99.6941), Val acc: (93.4156, 92.9017), Test acc: (95.0000, 94.6122)
Epoch 94, training Time(s): 0.0205, estimated train loss 0.3093, acc 99.3840, 99.3674
evaluation Time: 0.0408, Train loss: 0.2704, Val loss: 0.3717, Test loss: 0.3693
Train acc: (99.6920, 99.6941), Val acc: (93.4156, 92.9017), Test acc: (94.9296, 94.5421)
Epoch 95, training Time(s): 0.0269, estimated train loss 0.3061, acc 99.3840, 99.3837
evaluation Time: 0.0492, Train loss: 0.2699, Val loss: 0.3718, Test loss: 0.3695
Train acc: (99.6920, 99.6941), Val acc: (93.8272, 93.3433), Test acc: (94.8592, 94.4676)
Epoch 96, training Time(s): 0.0788, estimated train loss 0.3054, acc 99.5893, 99.5847
evaluation Time: 0.0347, Train loss: 0.2695, Val loss: 0.3718, Test loss: 0.3695
Train acc: (99.6920, 99.6941), Val acc: (93.4156, 92.9017), Test acc: (94.8592, 94.4724)
Epoch 97, training Time(s): 0.0215, estimated train loss 0.3051, acc 99.4867, 99.4752
evaluation Time: 0.0283, Train loss: 0.2691, Val loss: 0.3718, Test loss: 0.3695
Train acc: (99.6920, 99.6941), Val acc: (93.4156, 92.9017), Test acc: (94.8592, 94.4748)
average train times 0.02992029623551802
Best Epoch 47 at a2c4b562dcfe4c2d8d6909aab8bd3e37
	Final Val loss 0.3638 (94.2387, 93.6736), Test loss 0.3628 (95.4930, 95.1355)
train_acc (98.46, 98.42) val_acc (94.24, 93.67) test_acc (95.49, 95.14)
a2c4b562dcfe4c2d8d6909aab8bd3e37
