Epoch 0, training Time(s): 0.0212, estimated train loss 1.7026, acc 24.8460, 24.4995
evaluation Time: 0.0582, Train loss: 0.7750, Val loss: 0.8725, Test loss: 0.8478
Train acc: (72.7926, 72.5597), Val acc: (70.3704, 70.4969), Test acc: (70.1761, 69.6288)
Epoch 1, training Time(s): 0.0196, estimated train loss 1.5408, acc 33.3676, 33.1399
evaluation Time: 0.0285, Train loss: 0.6083, Val loss: 0.6813, Test loss: 0.6712
Train acc: (86.9610, 86.5098), Val acc: (81.8930, 81.8691), Test acc: (82.2183, 81.5686)
Epoch 2, training Time(s): 0.0360, estimated train loss 1.5474, acc 31.3142, 31.0297
evaluation Time: 0.0524, Train loss: 0.5585, Val loss: 0.6198, Test loss: 0.6119
Train acc: (89.8357, 89.3061), Val acc: (87.6543, 87.6038), Test acc: (86.1972, 85.5028)
Epoch 3, training Time(s): 0.0362, estimated train loss 1.3398, acc 42.2998, 42.2326
evaluation Time: 0.0765, Train loss: 0.5430, Val loss: 0.5938, Test loss: 0.5853
Train acc: (91.7864, 91.3451), Val acc: (89.3004, 89.2135), Test acc: (89.1901, 88.4937)
Epoch 4, training Time(s): 0.0249, estimated train loss 1.0694, acc 54.3121, 53.8665
evaluation Time: 0.0310, Train loss: 0.5418, Val loss: 0.5832, Test loss: 0.5741
Train acc: (91.8891, 91.4270), Val acc: (90.9465, 90.7367), Test acc: (90.9507, 90.2764)
Epoch 5, training Time(s): 0.0217, estimated train loss 0.8699, acc 67.9671, 67.1794
evaluation Time: 0.0300, Train loss: 0.5298, Val loss: 0.5666, Test loss: 0.5561
Train acc: (92.7105, 92.2666), Val acc: (90.1235, 89.8946), Test acc: (92.3239, 91.7047)
Epoch 6, training Time(s): 0.0197, estimated train loss 0.7207, acc 78.8501, 77.9977
evaluation Time: 0.0613, Train loss: 0.5010, Val loss: 0.5363, Test loss: 0.5248
Train acc: (92.9158, 92.4449), Val acc: (91.3580, 91.1081), Test acc: (92.9577, 92.3761)
Epoch 7, training Time(s): 0.0219, estimated train loss 0.6221, acc 86.0370, 85.1446
evaluation Time: 0.0852, Train loss: 0.4642, Val loss: 0.4993, Test loss: 0.4881
Train acc: (93.5318, 93.1144), Val acc: (92.1811, 91.9642), Test acc: (92.9930, 92.4234)
Epoch 8, training Time(s): 0.0194, estimated train loss 0.5689, acc 89.0144, 88.5221
evaluation Time: 0.0469, Train loss: 0.4262, Val loss: 0.4623, Test loss: 0.4509
Train acc: (93.7372, 93.3243), Val acc: (91.7695, 91.5728), Test acc: (92.9577, 92.3876)
Epoch 9, training Time(s): 0.0363, estimated train loss 0.5114, acc 90.8624, 90.3580
evaluation Time: 0.0369, Train loss: 0.4011, Val loss: 0.4384, Test loss: 0.4256
Train acc: (94.4559, 94.0769), Val acc: (92.1811, 91.9668), Test acc: (92.7465, 92.1828)
Epoch 10, training Time(s): 0.0301, estimated train loss 0.4857, acc 92.4025, 91.9241
evaluation Time: 0.0568, Train loss: 0.3954, Val loss: 0.4331, Test loss: 0.4184
Train acc: (94.6612, 94.2904), Val acc: (92.1811, 91.9668), Test acc: (92.8873, 92.3268)
	Current best at epoch 10 with Val loss 0.4331 (92.1811, 91.9668), Test loss 0.4184 (92.8873, 92.3268)Epoch 11, training Time(s): 0.0213, estimated train loss 0.4657, acc 91.4784, 90.9848
evaluation Time: 0.0454, Train loss: 0.3967, Val loss: 0.4343, Test loss: 0.4179
Train acc: (94.6612, 94.3127), Val acc: (92.5926, 92.4073), Test acc: (92.9930, 92.4363)
Epoch 12, training Time(s): 0.0236, estimated train loss 0.4524, acc 93.2238, 92.8058
evaluation Time: 0.0286, Train loss: 0.3954, Val loss: 0.4329, Test loss: 0.4155
Train acc: (95.0719, 94.7716), Val acc: (92.5926, 92.4073), Test acc: (93.3099, 92.7954)
Epoch 13, training Time(s): 0.0204, estimated train loss 0.4528, acc 93.1211, 92.6507
evaluation Time: 0.0340, Train loss: 0.3915, Val loss: 0.4290, Test loss: 0.4110
Train acc: (95.3799, 95.1226), Val acc: (93.4156, 93.2768), Test acc: (93.6972, 93.2275)
Epoch 14, training Time(s): 0.0199, estimated train loss 0.4459, acc 93.6345, 93.2641
evaluation Time: 0.0987, Train loss: 0.3856, Val loss: 0.4232, Test loss: 0.4049
Train acc: (95.4825, 95.2572), Val acc: (93.4156, 93.2768), Test acc: (93.9789, 93.5385)
Epoch 15, training Time(s): 0.0195, estimated train loss 0.4340, acc 94.1478, 93.7528
evaluation Time: 0.0373, Train loss: 0.3793, Val loss: 0.4171, Test loss: 0.3987
Train acc: (95.3799, 95.1445), Val acc: (93.4156, 93.2768), Test acc: (94.1197, 93.6768)
Epoch 16, training Time(s): 0.0644, estimated train loss 0.4276, acc 94.6612, 94.3174
evaluation Time: 0.0409, Train loss: 0.3732, Val loss: 0.4111, Test loss: 0.3928
Train acc: (95.3799, 95.1740), Val acc: (93.8272, 93.7149), Test acc: (94.2254, 93.7975)
Epoch 17, training Time(s): 0.0190, estimated train loss 0.4175, acc 94.1478, 93.7998
evaluation Time: 0.0457, Train loss: 0.3680, Val loss: 0.4058, Test loss: 0.3878
Train acc: (95.4825, 95.2801), Val acc: (94.2387, 94.1017), Test acc: (94.2606, 93.8583)
Epoch 18, training Time(s): 0.0296, estimated train loss 0.4131, acc 94.4559, 94.1221
evaluation Time: 0.0320, Train loss: 0.3635, Val loss: 0.4010, Test loss: 0.3836
Train acc: (95.2772, 95.0197), Val acc: (94.2387, 94.1017), Test acc: (94.6479, 94.2745)
Epoch 19, training Time(s): 0.1032, estimated train loss 0.4119, acc 94.8665, 94.5764
evaluation Time: 0.0633, Train loss: 0.3598, Val loss: 0.3969, Test loss: 0.3801
Train acc: (95.1745, 94.8943), Val acc: (94.6502, 94.4824), Test acc: (94.8239, 94.4645)
Epoch 20, training Time(s): 0.0269, estimated train loss 0.3983, acc 95.2772, 95.0320
evaluation Time: 0.0947, Train loss: 0.3567, Val loss: 0.3935, Test loss: 0.3773
Train acc: (95.2772, 95.0144), Val acc: (94.2387, 94.0303), Test acc: (94.9648, 94.6195)
	Current best at epoch 20 with Val loss 0.3935 (94.2387, 94.0303), Test loss 0.3773 (94.9648, 94.6195)Epoch 21, training Time(s): 0.0248, estimated train loss 0.3983, acc 94.6612, 94.3554
evaluation Time: 0.0309, Train loss: 0.3541, Val loss: 0.3903, Test loss: 0.3749
Train acc: (95.3799, 95.1346), Val acc: (93.8272, 93.6498), Test acc: (94.9648, 94.6280)
Epoch 22, training Time(s): 0.0655, estimated train loss 0.3983, acc 95.1745, 94.9531
evaluation Time: 0.0313, Train loss: 0.3519, Val loss: 0.3877, Test loss: 0.3729
Train acc: (95.4825, 95.2299), Val acc: (93.8272, 93.6498), Test acc: (95.0352, 94.6896)
Epoch 23, training Time(s): 0.0355, estimated train loss 0.3952, acc 95.7906, 95.5806
evaluation Time: 0.0549, Train loss: 0.3500, Val loss: 0.3855, Test loss: 0.3714
Train acc: (95.6879, 95.4776), Val acc: (93.8272, 93.6498), Test acc: (95.0352, 94.6908)
Epoch 24, training Time(s): 0.0206, estimated train loss 0.3962, acc 94.8665, 94.5794
evaluation Time: 0.0386, Train loss: 0.3483, Val loss: 0.3836, Test loss: 0.3701
Train acc: (95.7906, 95.5807), Val acc: (93.4156, 93.2501), Test acc: (95.1408, 94.8117)
Epoch 25, training Time(s): 0.0441, estimated train loss 0.3932, acc 94.7639, 94.4905
evaluation Time: 0.0326, Train loss: 0.3466, Val loss: 0.3822, Test loss: 0.3690
Train acc: (95.8932, 95.6959), Val acc: (93.4156, 93.2501), Test acc: (95.1408, 94.8078)
Epoch 26, training Time(s): 0.0416, estimated train loss 0.3891, acc 95.1745, 94.9391
evaluation Time: 0.0312, Train loss: 0.3449, Val loss: 0.3809, Test loss: 0.3679
Train acc: (95.7906, 95.5948), Val acc: (93.0041, 92.8025), Test acc: (95.0000, 94.6570)
Epoch 27, training Time(s): 0.0252, estimated train loss 0.3878, acc 94.8665, 94.6094
evaluation Time: 0.0296, Train loss: 0.3431, Val loss: 0.3798, Test loss: 0.3669
Train acc: (95.6879, 95.4870), Val acc: (92.5926, 92.4044), Test acc: (95.0352, 94.6978)
Epoch 28, training Time(s): 0.0762, estimated train loss 0.3842, acc 95.2772, 95.0562
evaluation Time: 0.0510, Train loss: 0.3413, Val loss: 0.3788, Test loss: 0.3660
Train acc: (95.7906, 95.6007), Val acc: (92.5926, 92.4044), Test acc: (95.1056, 94.7815)
Epoch 29, training Time(s): 0.0614, estimated train loss 0.3823, acc 95.4825, 95.2019
evaluation Time: 0.0630, Train loss: 0.3393, Val loss: 0.3778, Test loss: 0.3651
Train acc: (95.8932, 95.7141), Val acc: (92.5926, 92.4044), Test acc: (95.1408, 94.8078)
Epoch 30, training Time(s): 0.0280, estimated train loss 0.3853, acc 95.1745, 94.8826
evaluation Time: 0.0391, Train loss: 0.3374, Val loss: 0.3770, Test loss: 0.3643
Train acc: (95.8932, 95.7141), Val acc: (93.0041, 92.8397), Test acc: (95.2817, 94.9522)
	Current best at epoch 30 with Val loss 0.3770 (93.0041, 92.8397), Test loss 0.3643 (95.2817, 94.9522)Epoch 31, training Time(s): 0.0233, estimated train loss 0.3798, acc 95.6879, 95.4530
evaluation Time: 0.0311, Train loss: 0.3355, Val loss: 0.3763, Test loss: 0.3636
Train acc: (95.9959, 95.8273), Val acc: (93.0041, 92.8397), Test acc: (95.2465, 94.9120)
Epoch 32, training Time(s): 0.1649, estimated train loss 0.3797, acc 95.5852, 95.3604
evaluation Time: 0.0431, Train loss: 0.3338, Val loss: 0.3759, Test loss: 0.3631
Train acc: (96.3039, 96.1461), Val acc: (93.0041, 92.8397), Test acc: (95.3873, 95.0738)
Epoch 33, training Time(s): 0.0368, estimated train loss 0.3755, acc 95.3799, 95.1112
evaluation Time: 0.0309, Train loss: 0.3320, Val loss: 0.3756, Test loss: 0.3627
Train acc: (96.4066, 96.2403), Val acc: (93.0041, 92.8397), Test acc: (95.4225, 95.1209)
Epoch 34, training Time(s): 0.0259, estimated train loss 0.3724, acc 95.8932, 95.6702
evaluation Time: 0.0396, Train loss: 0.3304, Val loss: 0.3755, Test loss: 0.3625
Train acc: (96.5092, 96.3420), Val acc: (93.0041, 92.8397), Test acc: (95.4225, 95.1238)
Epoch 35, training Time(s): 0.0228, estimated train loss 0.3736, acc 95.7906, 95.5223
evaluation Time: 0.0640, Train loss: 0.3289, Val loss: 0.3753, Test loss: 0.3624
Train acc: (96.8172, 96.6499), Val acc: (93.0041, 92.8397), Test acc: (95.3873, 95.0796)
Epoch 36, training Time(s): 0.0417, estimated train loss 0.3739, acc 95.6879, 95.4012
evaluation Time: 0.0526, Train loss: 0.3275, Val loss: 0.3753, Test loss: 0.3624
Train acc: (97.0226, 96.8648), Val acc: (93.4156, 93.2600), Test acc: (95.3873, 95.0862)
Epoch 37, training Time(s): 0.0226, estimated train loss 0.3637, acc 95.7906, 95.5647
evaluation Time: 0.0368, Train loss: 0.3261, Val loss: 0.3752, Test loss: 0.3623
Train acc: (97.1253, 96.9675), Val acc: (93.4156, 93.2600), Test acc: (95.4225, 95.1185)
Epoch 38, training Time(s): 0.0190, estimated train loss 0.3695, acc 95.9959, 95.8445
evaluation Time: 0.0379, Train loss: 0.3247, Val loss: 0.3750, Test loss: 0.3623
Train acc: (97.2279, 97.0801), Val acc: (93.4156, 93.2600), Test acc: (95.4225, 95.1185)
Epoch 39, training Time(s): 0.0327, estimated train loss 0.3692, acc 96.9199, 96.7809
evaluation Time: 0.0798, Train loss: 0.3233, Val loss: 0.3747, Test loss: 0.3622
Train acc: (97.2279, 97.0801), Val acc: (93.8272, 93.6432), Test acc: (95.3521, 95.0445)
Epoch 40, training Time(s): 0.0190, estimated train loss 0.3617, acc 96.6119, 96.3936
evaluation Time: 0.0409, Train loss: 0.3220, Val loss: 0.3745, Test loss: 0.3622
Train acc: (97.4333, 97.3122), Val acc: (93.8272, 93.6709), Test acc: (95.4577, 95.1546)
	Current best at epoch 40 with Val loss 0.3745 (93.8272, 93.6709), Test loss 0.3622 (95.4577, 95.1546)Epoch 41, training Time(s): 0.0233, estimated train loss 0.3619, acc 96.7146, 96.5064
evaluation Time: 0.0294, Train loss: 0.3207, Val loss: 0.3742, Test loss: 0.3621
Train acc: (97.4333, 97.3122), Val acc: (93.8272, 93.6709), Test acc: (95.4577, 95.1546)
Epoch 42, training Time(s): 0.1805, estimated train loss 0.3588, acc 96.6119, 96.3763
evaluation Time: 0.0328, Train loss: 0.3195, Val loss: 0.3739, Test loss: 0.3620
Train acc: (97.5359, 97.4361), Val acc: (93.8272, 93.6709), Test acc: (95.4225, 95.1143)
Epoch 43, training Time(s): 0.0289, estimated train loss 0.3592, acc 97.1253, 97.0051
evaluation Time: 0.0323, Train loss: 0.3182, Val loss: 0.3735, Test loss: 0.3618
Train acc: (97.5359, 97.4361), Val acc: (93.8272, 93.6709), Test acc: (95.4225, 95.1143)
Epoch 44, training Time(s): 0.0443, estimated train loss 0.3565, acc 96.5092, 96.3311
evaluation Time: 0.0314, Train loss: 0.3170, Val loss: 0.3732, Test loss: 0.3617
Train acc: (97.7413, 97.6608), Val acc: (93.4156, 93.2878), Test acc: (95.4577, 95.1571)
Epoch 45, training Time(s): 0.0190, estimated train loss 0.3622, acc 95.9959, 95.8184
evaluation Time: 0.0354, Train loss: 0.3157, Val loss: 0.3729, Test loss: 0.3616
Train acc: (97.7413, 97.6608), Val acc: (93.8272, 93.7196), Test acc: (95.4930, 95.1907)
Epoch 46, training Time(s): 0.0434, estimated train loss 0.3541, acc 97.2279, 97.1592
evaluation Time: 0.0385, Train loss: 0.3145, Val loss: 0.3727, Test loss: 0.3615
Train acc: (98.1520, 98.1201), Val acc: (93.8272, 93.7196), Test acc: (95.4225, 95.1062)
Epoch 47, training Time(s): 0.0222, estimated train loss 0.3558, acc 96.8172, 96.7086
evaluation Time: 0.0284, Train loss: 0.3132, Val loss: 0.3724, Test loss: 0.3615
Train acc: (98.1520, 98.1201), Val acc: (93.8272, 93.7196), Test acc: (95.4225, 95.1062)
Epoch 48, training Time(s): 0.0215, estimated train loss 0.3552, acc 97.5359, 97.4725
evaluation Time: 0.0362, Train loss: 0.3120, Val loss: 0.3722, Test loss: 0.3614
Train acc: (98.1520, 98.1201), Val acc: (93.8272, 93.7196), Test acc: (95.3873, 95.0660)
Epoch 49, training Time(s): 0.0346, estimated train loss 0.3526, acc 97.0226, 96.8830
evaluation Time: 0.0664, Train loss: 0.3108, Val loss: 0.3719, Test loss: 0.3614
Train acc: (98.1520, 98.1201), Val acc: (93.8272, 93.7196), Test acc: (95.3521, 95.0258)
Epoch 50, training Time(s): 0.0325, estimated train loss 0.3538, acc 96.8172, 96.6616
evaluation Time: 0.0349, Train loss: 0.3096, Val loss: 0.3716, Test loss: 0.3614
Train acc: (98.2546, 98.2154), Val acc: (93.8272, 93.7196), Test acc: (95.3169, 94.9830)
	Current best at epoch 50 with Val loss 0.3716 (93.8272, 93.7196), Test loss 0.3614 (95.3169, 94.9830)Epoch 51, training Time(s): 0.0265, estimated train loss 0.3526, acc 97.2279, 97.1170
evaluation Time: 0.0443, Train loss: 0.3084, Val loss: 0.3714, Test loss: 0.3614
Train acc: (98.5626, 98.5297), Val acc: (93.8272, 93.7196), Test acc: (95.3169, 94.9830)
Epoch 52, training Time(s): 0.0199, estimated train loss 0.3473, acc 97.3306, 97.1742
evaluation Time: 0.0340, Train loss: 0.3073, Val loss: 0.3712, Test loss: 0.3613
Train acc: (98.5626, 98.5297), Val acc: (93.8272, 93.7196), Test acc: (95.3873, 95.0559)
Epoch 53, training Time(s): 0.0235, estimated train loss 0.3474, acc 98.0493, 97.9874
evaluation Time: 0.0636, Train loss: 0.3061, Val loss: 0.3710, Test loss: 0.3613
Train acc: (98.6653, 98.6478), Val acc: (93.8272, 93.7196), Test acc: (95.4225, 95.0886)
Epoch 54, training Time(s): 0.0231, estimated train loss 0.3463, acc 97.8439, 97.7729
evaluation Time: 0.0287, Train loss: 0.3050, Val loss: 0.3709, Test loss: 0.3613
Train acc: (98.6653, 98.6478), Val acc: (93.8272, 93.7196), Test acc: (95.3873, 95.0457)
Epoch 55, training Time(s): 0.0198, estimated train loss 0.3412, acc 97.9466, 97.8736
evaluation Time: 0.0817, Train loss: 0.3039, Val loss: 0.3708, Test loss: 0.3613
Train acc: (98.6653, 98.6478), Val acc: (93.8272, 93.7196), Test acc: (95.3521, 95.0122)
Epoch 56, training Time(s): 0.0216, estimated train loss 0.3403, acc 97.8439, 97.7087
evaluation Time: 0.0404, Train loss: 0.3027, Val loss: 0.3707, Test loss: 0.3614
Train acc: (98.7680, 98.7580), Val acc: (93.8272, 93.7196), Test acc: (95.2465, 94.8932)
Epoch 57, training Time(s): 0.0276, estimated train loss 0.3415, acc 98.2546, 98.2362
evaluation Time: 0.0338, Train loss: 0.3016, Val loss: 0.3706, Test loss: 0.3615
Train acc: (98.7680, 98.7580), Val acc: (93.8272, 93.7196), Test acc: (95.2465, 94.8932)
Epoch 58, training Time(s): 0.0315, estimated train loss 0.3396, acc 98.4600, 98.3944
evaluation Time: 0.0372, Train loss: 0.3005, Val loss: 0.3706, Test loss: 0.3617
Train acc: (98.6653, 98.6634), Val acc: (93.8272, 93.7196), Test acc: (95.2465, 94.9023)
Epoch 59, training Time(s): 0.0247, estimated train loss 0.3391, acc 98.1520, 98.0969
evaluation Time: 0.1394, Train loss: 0.2994, Val loss: 0.3705, Test loss: 0.3618
Train acc: (98.6653, 98.6634), Val acc: (93.8272, 93.7110), Test acc: (95.2465, 94.9023)
Epoch 60, training Time(s): 0.0287, estimated train loss 0.3408, acc 97.9466, 97.8771
evaluation Time: 0.0318, Train loss: 0.2984, Val loss: 0.3705, Test loss: 0.3620
Train acc: (98.6653, 98.6634), Val acc: (93.8272, 93.7110), Test acc: (95.2113, 94.8648)
	Current best at epoch 60 with Val loss 0.3705 (93.8272, 93.7110), Test loss 0.3620 (95.2113, 94.8648)Epoch 61, training Time(s): 0.0312, estimated train loss 0.3401, acc 98.0493, 98.0461
evaluation Time: 0.0291, Train loss: 0.2973, Val loss: 0.3705, Test loss: 0.3622
Train acc: (98.7680, 98.7733), Val acc: (93.8272, 93.7110), Test acc: (95.2817, 94.9299)
Epoch 62, training Time(s): 0.0230, estimated train loss 0.3393, acc 97.9466, 97.8669
evaluation Time: 0.0882, Train loss: 0.2963, Val loss: 0.3704, Test loss: 0.3623
Train acc: (98.7680, 98.7733), Val acc: (93.8272, 93.7110), Test acc: (95.2465, 94.8892)
Epoch 63, training Time(s): 0.0697, estimated train loss 0.3342, acc 98.2546, 98.2130
evaluation Time: 0.0724, Train loss: 0.2953, Val loss: 0.3703, Test loss: 0.3623
Train acc: (98.7680, 98.7733), Val acc: (93.8272, 93.7110), Test acc: (95.2817, 94.9138)
Epoch 64, training Time(s): 0.0225, estimated train loss 0.3324, acc 98.4600, 98.4165
evaluation Time: 0.0344, Train loss: 0.2944, Val loss: 0.3703, Test loss: 0.3624
Train acc: (98.8706, 98.8679), Val acc: (93.8272, 93.7110), Test acc: (95.2817, 94.9138)
Epoch 65, training Time(s): 0.1043, estimated train loss 0.3322, acc 98.5626, 98.5504
evaluation Time: 0.0294, Train loss: 0.2935, Val loss: 0.3700, Test loss: 0.3625
Train acc: (98.9733, 98.9773), Val acc: (93.8272, 93.7110), Test acc: (95.2113, 94.8404)
Epoch 66, training Time(s): 0.0853, estimated train loss 0.3331, acc 98.5626, 98.5463
evaluation Time: 0.0315, Train loss: 0.2926, Val loss: 0.3700, Test loss: 0.3626
Train acc: (98.9733, 98.9773), Val acc: (93.8272, 93.7110), Test acc: (95.2465, 94.8778)
Epoch 67, training Time(s): 0.0640, estimated train loss 0.3332, acc 98.3573, 98.2683
evaluation Time: 0.0630, Train loss: 0.2918, Val loss: 0.3700, Test loss: 0.3627
Train acc: (98.9733, 98.9773), Val acc: (93.8272, 93.7110), Test acc: (95.1408, 94.7651)
Epoch 68, training Time(s): 0.0329, estimated train loss 0.3290, acc 98.8706, 98.8694
evaluation Time: 0.0341, Train loss: 0.2910, Val loss: 0.3702, Test loss: 0.3629
Train acc: (98.9733, 98.9773), Val acc: (93.8272, 93.7110), Test acc: (95.0704, 94.6986)
Epoch 69, training Time(s): 0.0216, estimated train loss 0.3312, acc 98.6653, 98.5968
evaluation Time: 0.0302, Train loss: 0.2901, Val loss: 0.3702, Test loss: 0.3630
Train acc: (98.9733, 98.9773), Val acc: (93.8272, 93.7110), Test acc: (95.1408, 94.7710)
Epoch 70, training Time(s): 0.0230, estimated train loss 0.3333, acc 98.1520, 98.0938
evaluation Time: 0.0283, Train loss: 0.2893, Val loss: 0.3702, Test loss: 0.3632
Train acc: (99.0760, 99.0718), Val acc: (94.6502, 94.5882), Test acc: (95.1408, 94.7710)
	Current best at epoch 66 with Val loss 0.3700 (93.8272, 93.7110), Test loss 0.3626 (95.2465, 94.8778)Epoch 71, training Time(s): 0.0213, estimated train loss 0.3326, acc 98.1520, 98.0954
evaluation Time: 0.0284, Train loss: 0.2884, Val loss: 0.3703, Test loss: 0.3634
Train acc: (99.0760, 99.0718), Val acc: (94.6502, 94.5882), Test acc: (95.2113, 94.8423)
Epoch 72, training Time(s): 0.0233, estimated train loss 0.3279, acc 98.5626, 98.4979
evaluation Time: 0.0630, Train loss: 0.2876, Val loss: 0.3704, Test loss: 0.3637
Train acc: (99.0760, 99.0718), Val acc: (94.6502, 94.5882), Test acc: (95.2113, 94.8423)
Epoch 73, training Time(s): 0.0289, estimated train loss 0.3269, acc 98.9733, 98.9842
evaluation Time: 0.0378, Train loss: 0.2868, Val loss: 0.3705, Test loss: 0.3639
Train acc: (99.0760, 99.0718), Val acc: (94.6502, 94.5882), Test acc: (95.2817, 94.9227)
Epoch 74, training Time(s): 0.0212, estimated train loss 0.3246, acc 98.9733, 98.9550
evaluation Time: 0.0322, Train loss: 0.2860, Val loss: 0.3706, Test loss: 0.3641
Train acc: (99.2813, 99.2909), Val acc: (94.6502, 94.5882), Test acc: (95.2817, 94.9227)
Epoch 75, training Time(s): 0.0232, estimated train loss 0.3246, acc 98.9733, 98.9618
evaluation Time: 0.0331, Train loss: 0.2852, Val loss: 0.3706, Test loss: 0.3643
Train acc: (99.3840, 99.3930), Val acc: (94.6502, 94.5882), Test acc: (95.2817, 94.9227)
Epoch 76, training Time(s): 0.0351, estimated train loss 0.3236, acc 98.6653, 98.6486
evaluation Time: 0.0478, Train loss: 0.2844, Val loss: 0.3707, Test loss: 0.3646
Train acc: (99.3840, 99.3930), Val acc: (94.6502, 94.5882), Test acc: (95.3169, 94.9581)
Epoch 77, training Time(s): 0.0295, estimated train loss 0.3226, acc 98.7680, 98.7211
evaluation Time: 0.0374, Train loss: 0.2837, Val loss: 0.3708, Test loss: 0.3648
Train acc: (99.3840, 99.3930), Val acc: (94.6502, 94.5882), Test acc: (95.2465, 94.8929)
Epoch 78, training Time(s): 0.0336, estimated train loss 0.3241, acc 99.0760, 99.0795
evaluation Time: 0.0407, Train loss: 0.2828, Val loss: 0.3709, Test loss: 0.3650
Train acc: (99.3840, 99.3930), Val acc: (94.6502, 94.5882), Test acc: (95.2113, 94.8592)
Epoch 79, training Time(s): 0.0224, estimated train loss 0.3240, acc 98.9733, 98.9024
evaluation Time: 0.0331, Train loss: 0.2820, Val loss: 0.3709, Test loss: 0.3653
Train acc: (99.3840, 99.3930), Val acc: (94.6502, 94.5882), Test acc: (95.1408, 94.7736)
Epoch 80, training Time(s): 0.0280, estimated train loss 0.3201, acc 98.9733, 98.9395
evaluation Time: 0.0348, Train loss: 0.2812, Val loss: 0.3708, Test loss: 0.3655
Train acc: (99.3840, 99.3930), Val acc: (94.6502, 94.5882), Test acc: (95.0704, 94.7049)
	Current best at epoch 66 with Val loss 0.3700 (93.8272, 93.7110), Test loss 0.3626 (95.2465, 94.8778)Epoch 81, training Time(s): 0.0191, estimated train loss 0.3226, acc 98.9733, 98.9510
evaluation Time: 0.0325, Train loss: 0.2804, Val loss: 0.3709, Test loss: 0.3658
Train acc: (99.4867, 99.5022), Val acc: (94.6502, 94.5882), Test acc: (95.0704, 94.7119)
Epoch 82, training Time(s): 0.0205, estimated train loss 0.3202, acc 99.1786, 99.1598
evaluation Time: 0.0368, Train loss: 0.2797, Val loss: 0.3710, Test loss: 0.3660
Train acc: (99.4867, 99.5022), Val acc: (94.6502, 94.5882), Test acc: (95.0704, 94.7119)
Epoch 83, training Time(s): 0.0242, estimated train loss 0.3185, acc 98.9733, 98.9357
evaluation Time: 0.0497, Train loss: 0.2791, Val loss: 0.3713, Test loss: 0.3662
Train acc: (99.4867, 99.5022), Val acc: (94.6502, 94.5882), Test acc: (95.0704, 94.7093)
Epoch 84, training Time(s): 0.0308, estimated train loss 0.3175, acc 99.1786, 99.1936
evaluation Time: 0.0308, Train loss: 0.2785, Val loss: 0.3717, Test loss: 0.3665
Train acc: (99.4867, 99.5022), Val acc: (94.6502, 94.5882), Test acc: (95.0352, 94.6765)
Epoch 85, training Time(s): 0.0226, estimated train loss 0.3156, acc 99.0760, 99.0572
evaluation Time: 0.0315, Train loss: 0.2779, Val loss: 0.3721, Test loss: 0.3669
Train acc: (99.4867, 99.5022), Val acc: (94.6502, 94.5882), Test acc: (95.0000, 94.6306)
Epoch 86, training Time(s): 0.0217, estimated train loss 0.3175, acc 98.9733, 98.9551
evaluation Time: 0.0366, Train loss: 0.2773, Val loss: 0.3725, Test loss: 0.3673
Train acc: (99.4867, 99.5022), Val acc: (94.6502, 94.5882), Test acc: (95.0000, 94.6256)
Epoch 87, training Time(s): 0.0806, estimated train loss 0.3192, acc 99.2813, 99.2916
evaluation Time: 0.0318, Train loss: 0.2767, Val loss: 0.3729, Test loss: 0.3677
Train acc: (99.4867, 99.5022), Val acc: (94.6502, 94.5882), Test acc: (95.0000, 94.6268)
Epoch 88, training Time(s): 0.0198, estimated train loss 0.3142, acc 99.2813, 99.2553
evaluation Time: 0.0324, Train loss: 0.2762, Val loss: 0.3732, Test loss: 0.3680
Train acc: (99.5893, 99.6050), Val acc: (94.6502, 94.5882), Test acc: (94.9296, 94.5482)
Epoch 89, training Time(s): 0.0214, estimated train loss 0.3176, acc 99.0760, 99.0380
evaluation Time: 0.0288, Train loss: 0.2755, Val loss: 0.3731, Test loss: 0.3681
Train acc: (99.5893, 99.6050), Val acc: (94.6502, 94.5882), Test acc: (94.9296, 94.5532)
Epoch 90, training Time(s): 0.0379, estimated train loss 0.3151, acc 99.1786, 99.1625
evaluation Time: 0.0443, Train loss: 0.2748, Val loss: 0.3728, Test loss: 0.3683
Train acc: (99.5893, 99.6050), Val acc: (94.6502, 94.5882), Test acc: (94.8944, 94.5194)
	Current best at epoch 66 with Val loss 0.3700 (93.8272, 93.7110), Test loss 0.3626 (95.2465, 94.8778)Epoch 91, training Time(s): 0.0229, estimated train loss 0.3167, acc 99.2813, 99.2766
evaluation Time: 0.0334, Train loss: 0.2742, Val loss: 0.3726, Test loss: 0.3684
Train acc: (99.5893, 99.6050), Val acc: (94.6502, 94.5882), Test acc: (94.9296, 94.5517)
Epoch 92, training Time(s): 0.0381, estimated train loss 0.3108, acc 99.4867, 99.4574
evaluation Time: 0.0301, Train loss: 0.2736, Val loss: 0.3723, Test loss: 0.3685
Train acc: (99.6920, 99.7003), Val acc: (94.6502, 94.5882), Test acc: (94.9296, 94.5517)
Epoch 93, training Time(s): 0.0271, estimated train loss 0.3130, acc 99.2813, 99.2780
evaluation Time: 0.0347, Train loss: 0.2731, Val loss: 0.3722, Test loss: 0.3685
Train acc: (99.6920, 99.7003), Val acc: (94.6502, 94.5882), Test acc: (94.8944, 94.5193)
Epoch 94, training Time(s): 0.0298, estimated train loss 0.3112, acc 99.2813, 99.2629
evaluation Time: 0.0339, Train loss: 0.2725, Val loss: 0.3722, Test loss: 0.3686
Train acc: (99.6920, 99.7003), Val acc: (94.6502, 94.5882), Test acc: (94.8944, 94.5102)
Epoch 95, training Time(s): 0.0236, estimated train loss 0.3087, acc 99.4867, 99.5022
evaluation Time: 0.0273, Train loss: 0.2720, Val loss: 0.3723, Test loss: 0.3687
Train acc: (99.6920, 99.7003), Val acc: (94.6502, 94.5882), Test acc: (94.9296, 94.5475)
Epoch 96, training Time(s): 0.0186, estimated train loss 0.3119, acc 99.1786, 99.1604
evaluation Time: 0.0330, Train loss: 0.2715, Val loss: 0.3726, Test loss: 0.3690
Train acc: (99.6920, 99.7003), Val acc: (94.2387, 94.1294), Test acc: (94.8944, 94.5090)
Epoch 97, training Time(s): 0.0567, estimated train loss 0.3086, acc 99.4867, 99.4814
evaluation Time: 0.0325, Train loss: 0.2710, Val loss: 0.3729, Test loss: 0.3693
Train acc: (99.6920, 99.7003), Val acc: (94.2387, 94.1294), Test acc: (94.8592, 94.4706)
Epoch 98, training Time(s): 0.0213, estimated train loss 0.3094, acc 99.2813, 99.2770
evaluation Time: 0.0312, Train loss: 0.2705, Val loss: 0.3731, Test loss: 0.3696
Train acc: (99.6920, 99.7003), Val acc: (94.2387, 94.1294), Test acc: (94.8944, 94.5113)
Epoch 99, training Time(s): 0.0214, estimated train loss 0.3090, acc 99.6920, 99.6860
evaluation Time: 0.0295, Train loss: 0.2701, Val loss: 0.3735, Test loss: 0.3699
Train acc: (99.6920, 99.7003), Val acc: (94.2387, 94.1294), Test acc: (94.8944, 94.5113)
Epoch 100, training Time(s): 0.0222, estimated train loss 0.3107, acc 99.3840, 99.3935
evaluation Time: 0.0467, Train loss: 0.2696, Val loss: 0.3739, Test loss: 0.3703
Train acc: (99.7947, 99.8028), Val acc: (94.2387, 94.1294), Test acc: (94.8944, 94.5113)
	Current best at epoch 66 with Val loss 0.3700 (93.8272, 93.7110), Test loss 0.3626 (95.2465, 94.8778)Epoch 101, training Time(s): 0.0310, estimated train loss 0.3092, acc 99.5893, 99.5767
evaluation Time: 0.0294, Train loss: 0.2691, Val loss: 0.3741, Test loss: 0.3705
Train acc: (99.7947, 99.8028), Val acc: (93.8272, 93.7129), Test acc: (94.8944, 94.5113)
Epoch 102, training Time(s): 0.0197, estimated train loss 0.3067, acc 99.4867, 99.4957
evaluation Time: 0.0326, Train loss: 0.2686, Val loss: 0.3742, Test loss: 0.3707
Train acc: (99.7947, 99.8028), Val acc: (93.8272, 93.7129), Test acc: (94.8592, 94.4706)
Epoch 103, training Time(s): 0.0203, estimated train loss 0.3072, acc 99.3840, 99.3717
evaluation Time: 0.0352, Train loss: 0.2681, Val loss: 0.3742, Test loss: 0.3709
Train acc: (99.7947, 99.8028), Val acc: (93.8272, 93.7129), Test acc: (94.8592, 94.4717)
Epoch 104, training Time(s): 0.0632, estimated train loss 0.3065, acc 99.5893, 99.5836
evaluation Time: 0.0293, Train loss: 0.2678, Val loss: 0.3741, Test loss: 0.3710
Train acc: (99.7947, 99.8028), Val acc: (93.8272, 93.7129), Test acc: (94.8592, 94.4717)
Epoch 105, training Time(s): 0.0285, estimated train loss 0.3092, acc 99.4867, 99.4957
evaluation Time: 0.0304, Train loss: 0.2674, Val loss: 0.3739, Test loss: 0.3711
Train acc: (99.7947, 99.8028), Val acc: (94.2387, 94.1294), Test acc: (94.7887, 94.3995)
Epoch 106, training Time(s): 0.0206, estimated train loss 0.3057, acc 99.7947, 99.7768
evaluation Time: 0.0282, Train loss: 0.2670, Val loss: 0.3735, Test loss: 0.3711
Train acc: (99.7947, 99.8028), Val acc: (94.2387, 94.1294), Test acc: (94.7535, 94.3561)
Epoch 107, training Time(s): 0.0194, estimated train loss 0.3061, acc 99.5893, 99.5695
evaluation Time: 0.0338, Train loss: 0.2667, Val loss: 0.3729, Test loss: 0.3710
Train acc: (99.8973, 99.9050), Val acc: (94.2387, 94.1294), Test acc: (94.7887, 94.3891)
Epoch 108, training Time(s): 0.0233, estimated train loss 0.3036, acc 99.4867, 99.4492
evaluation Time: 0.0354, Train loss: 0.2664, Val loss: 0.3724, Test loss: 0.3709
Train acc: (99.8973, 99.9050), Val acc: (94.2387, 94.1294), Test acc: (94.8239, 94.4287)
Epoch 109, training Time(s): 0.0192, estimated train loss 0.3020, acc 99.7947, 99.8025
evaluation Time: 0.0307, Train loss: 0.2661, Val loss: 0.3720, Test loss: 0.3708
Train acc: (99.8973, 99.9050), Val acc: (94.6502, 94.5882), Test acc: (94.8239, 94.4287)
Epoch 110, training Time(s): 0.0215, estimated train loss 0.3003, acc 100.0000, 100.0000
evaluation Time: 0.0328, Train loss: 0.2658, Val loss: 0.3717, Test loss: 0.3708
Train acc: (99.8973, 99.9050), Val acc: (94.6502, 94.5882), Test acc: (94.7183, 94.3261)
	Current best at epoch 66 with Val loss 0.3700 (93.8272, 93.7110), Test loss 0.3626 (95.2465, 94.8778)Epoch 111, training Time(s): 0.0197, estimated train loss 0.3016, acc 99.6920, 99.7006
evaluation Time: 0.0654, Train loss: 0.2655, Val loss: 0.3714, Test loss: 0.3708
Train acc: (99.8973, 99.9050), Val acc: (94.6502, 94.5882), Test acc: (94.7183, 94.3261)
Epoch 112, training Time(s): 0.0254, estimated train loss 0.3050, acc 99.4867, 99.4957
evaluation Time: 0.0471, Train loss: 0.2651, Val loss: 0.3712, Test loss: 0.3709
Train acc: (99.8973, 99.9050), Val acc: (94.6502, 94.5882), Test acc: (94.7183, 94.3261)
Epoch 113, training Time(s): 0.0297, estimated train loss 0.3002, acc 99.7947, 99.8025
evaluation Time: 0.0403, Train loss: 0.2647, Val loss: 0.3711, Test loss: 0.3711
Train acc: (99.8973, 99.9050), Val acc: (94.2387, 94.1294), Test acc: (94.7183, 94.3261)
Epoch 114, training Time(s): 0.0474, estimated train loss 0.3028, acc 99.7947, 99.7956
evaluation Time: 0.0463, Train loss: 0.2643, Val loss: 0.3709, Test loss: 0.3713
Train acc: (99.8973, 99.9050), Val acc: (94.2387, 94.1294), Test acc: (94.6127, 94.2166)
Epoch 115, training Time(s): 0.0249, estimated train loss 0.3006, acc 99.7947, 99.7882
evaluation Time: 0.0335, Train loss: 0.2639, Val loss: 0.3710, Test loss: 0.3715
Train acc: (99.8973, 99.9050), Val acc: (94.2387, 94.1294), Test acc: (94.5775, 94.1842)
Epoch 116, training Time(s): 0.0276, estimated train loss 0.2991, acc 99.8973, 99.8976
evaluation Time: 0.0609, Train loss: 0.2636, Val loss: 0.3712, Test loss: 0.3716
Train acc: (99.8973, 99.9050), Val acc: (94.2387, 94.1294), Test acc: (94.6127, 94.2166)
average train times 0.03347732859142756
Best Epoch 66 at b1bbdbf824fa47a19b21693ccca26d8a
	Final Val loss 0.3700 (93.8272, 93.7110), Test loss 0.3626 (95.2465, 94.8778)
train_acc (98.97, 98.98) val_acc (93.83, 93.71) test_acc (95.25, 94.88)
b1bbdbf824fa47a19b21693ccca26d8a
