Epoch 0, training Time(s): 0.0304, estimated train loss 1.6944, acc 25.3593, 25.2456
evaluation Time: 0.0299, Train loss: 0.7553, Val loss: 0.7708, Test loss: 0.8058
Train acc: (75.6674, 75.4427), Val acc: (75.3086, 74.3045), Test acc: (73.0986, 72.4712)
Epoch 1, training Time(s): 0.0199, estimated train loss 1.6201, acc 29.6715, 29.5303
evaluation Time: 0.0443, Train loss: 0.6369, Val loss: 0.6434, Test loss: 0.6820
Train acc: (82.0329, 81.4428), Val acc: (82.7160, 81.5834), Test acc: (79.8239, 79.0103)
Epoch 2, training Time(s): 0.0246, estimated train loss 1.4856, acc 36.0370, 35.8230
evaluation Time: 0.0526, Train loss: 0.5482, Val loss: 0.5462, Test loss: 0.5867
Train acc: (87.4743, 86.9248), Val acc: (86.4198, 85.6138), Test acc: (84.7183, 83.8753)
Epoch 3, training Time(s): 0.0242, estimated train loss 1.2693, acc 45.6879, 45.4613
evaluation Time: 0.0872, Train loss: 0.5006, Val loss: 0.4950, Test loss: 0.5331
Train acc: (90.4517, 90.0288), Val acc: (88.4774, 87.6629), Test acc: (87.8873, 87.0701)
Epoch 4, training Time(s): 0.0214, estimated train loss 1.0792, acc 54.1068, 53.3501
evaluation Time: 0.0302, Train loss: 0.4775, Val loss: 0.4715, Test loss: 0.5048
Train acc: (92.7105, 92.3622), Val acc: (92.1811, 91.6034), Test acc: (89.8944, 89.1632)
Epoch 5, training Time(s): 0.0228, estimated train loss 0.8245, acc 71.6632, 70.8242
evaluation Time: 0.0304, Train loss: 0.4688, Val loss: 0.4622, Test loss: 0.4917
Train acc: (93.8398, 93.5108), Val acc: (93.4156, 92.9657), Test acc: (91.9366, 91.3620)
Epoch 6, training Time(s): 0.0195, estimated train loss 0.6750, acc 81.8275, 81.2059
evaluation Time: 0.0349, Train loss: 0.4548, Val loss: 0.4453, Test loss: 0.4743
Train acc: (94.0452, 93.7537), Val acc: (94.2387, 93.8844), Test acc: (92.6408, 92.0904)
Epoch 7, training Time(s): 0.0193, estimated train loss 0.5985, acc 85.9343, 85.2457
evaluation Time: 0.0893, Train loss: 0.4349, Val loss: 0.4211, Test loss: 0.4519
Train acc: (94.4559, 94.1876), Val acc: (94.6502, 94.3264), Test acc: (92.9930, 92.4465)
Epoch 8, training Time(s): 0.0505, estimated train loss 0.5381, acc 90.1437, 89.7241
evaluation Time: 0.0367, Train loss: 0.4182, Val loss: 0.4002, Test loss: 0.4327
Train acc: (94.2505, 93.9757), Val acc: (95.4733, 95.1706), Test acc: (93.2394, 92.6972)
Epoch 9, training Time(s): 0.0571, estimated train loss 0.5043, acc 90.9651, 90.5595
evaluation Time: 0.0747, Train loss: 0.4114, Val loss: 0.3913, Test loss: 0.4234
Train acc: (94.1478, 93.8707), Val acc: (94.6502, 94.2806), Test acc: (93.4507, 92.9103)
Epoch 10, training Time(s): 0.0836, estimated train loss 0.4900, acc 92.4025, 92.0539
evaluation Time: 0.0334, Train loss: 0.4083, Val loss: 0.3876, Test loss: 0.4185
Train acc: (94.1478, 93.8868), Val acc: (94.6502, 94.3029), Test acc: (93.6620, 93.1443)
	Current best at epoch 10 with Val loss 0.3876 (94.6502, 94.3029), Test loss 0.4185 (93.6620, 93.1443)Epoch 11, training Time(s): 0.0245, estimated train loss 0.4713, acc 92.9158, 92.4864
evaluation Time: 0.0358, Train loss: 0.4039, Val loss: 0.3836, Test loss: 0.4130
Train acc: (94.1478, 93.9046), Val acc: (94.6502, 94.3029), Test acc: (93.8732, 93.3741)
Epoch 12, training Time(s): 0.0209, estimated train loss 0.4672, acc 92.8131, 92.4408
evaluation Time: 0.0863, Train loss: 0.3972, Val loss: 0.3779, Test loss: 0.4059
Train acc: (94.6612, 94.4624), Val acc: (95.8848, 95.7196), Test acc: (94.0845, 93.6064)
Epoch 13, training Time(s): 0.1006, estimated train loss 0.4423, acc 94.1478, 93.8814
evaluation Time: 0.0346, Train loss: 0.3906, Val loss: 0.3726, Test loss: 0.3991
Train acc: (94.6612, 94.4696), Val acc: (96.2963, 96.1581), Test acc: (94.2606, 93.8052)
Epoch 14, training Time(s): 0.0193, estimated train loss 0.4457, acc 93.7372, 93.4793
evaluation Time: 0.0371, Train loss: 0.3851, Val loss: 0.3686, Test loss: 0.3935
Train acc: (94.4559, 94.2323), Val acc: (95.8848, 95.6297), Test acc: (94.6127, 94.1713)
Epoch 15, training Time(s): 0.0269, estimated train loss 0.4343, acc 93.7372, 93.3760
evaluation Time: 0.0319, Train loss: 0.3807, Val loss: 0.3655, Test loss: 0.3891
Train acc: (94.6612, 94.4400), Val acc: (95.8848, 95.6297), Test acc: (94.9648, 94.5624)
Epoch 16, training Time(s): 0.0379, estimated train loss 0.4247, acc 94.6612, 94.4858
evaluation Time: 0.0529, Train loss: 0.3768, Val loss: 0.3631, Test loss: 0.3854
Train acc: (94.5585, 94.3317), Val acc: (96.2963, 96.0699), Test acc: (95.1056, 94.7179)
Epoch 17, training Time(s): 0.0353, estimated train loss 0.4263, acc 94.5585, 94.2981
evaluation Time: 0.0817, Train loss: 0.3732, Val loss: 0.3609, Test loss: 0.3819
Train acc: (94.7639, 94.5549), Val acc: (96.2963, 96.0699), Test acc: (95.0704, 94.6861)
Epoch 18, training Time(s): 0.0271, estimated train loss 0.4207, acc 94.5585, 94.3287
evaluation Time: 0.0326, Train loss: 0.3696, Val loss: 0.3589, Test loss: 0.3786
Train acc: (94.8665, 94.6655), Val acc: (95.8848, 95.6209), Test acc: (95.0704, 94.6967)
Epoch 19, training Time(s): 0.0205, estimated train loss 0.4130, acc 94.3532, 94.1239
evaluation Time: 0.0599, Train loss: 0.3664, Val loss: 0.3572, Test loss: 0.3759
Train acc: (95.0719, 94.8722), Val acc: (95.8848, 95.6209), Test acc: (95.1761, 94.8040)
Epoch 20, training Time(s): 0.1096, estimated train loss 0.4077, acc 94.8665, 94.6982
evaluation Time: 0.0595, Train loss: 0.3637, Val loss: 0.3559, Test loss: 0.3738
Train acc: (95.0719, 94.8564), Val acc: (95.8848, 95.6209), Test acc: (95.0704, 94.6882)
	Current best at epoch 20 with Val loss 0.3559 (95.8848, 95.6209), Test loss 0.3738 (95.0704, 94.6882)Epoch 21, training Time(s): 0.0365, estimated train loss 0.4061, acc 94.4559, 94.2164
evaluation Time: 0.0317, Train loss: 0.3613, Val loss: 0.3549, Test loss: 0.3722
Train acc: (95.1745, 94.9586), Val acc: (96.2963, 95.9772), Test acc: (95.1056, 94.7171)
Epoch 22, training Time(s): 0.0213, estimated train loss 0.4004, acc 94.6612, 94.3810
evaluation Time: 0.0348, Train loss: 0.3594, Val loss: 0.3543, Test loss: 0.3712
Train acc: (95.2772, 95.0683), Val acc: (96.2963, 95.9772), Test acc: (95.1761, 94.7866)
Epoch 23, training Time(s): 0.1264, estimated train loss 0.3964, acc 94.8665, 94.5745
evaluation Time: 0.0470, Train loss: 0.3575, Val loss: 0.3538, Test loss: 0.3703
Train acc: (95.4825, 95.2718), Val acc: (96.2963, 95.9772), Test acc: (95.1761, 94.7996)
Epoch 24, training Time(s): 0.0359, estimated train loss 0.3968, acc 94.7639, 94.4552
evaluation Time: 0.0328, Train loss: 0.3556, Val loss: 0.3532, Test loss: 0.3696
Train acc: (95.5852, 95.3677), Val acc: (96.2963, 95.9772), Test acc: (95.2465, 94.8733)
Epoch 25, training Time(s): 0.1044, estimated train loss 0.3979, acc 94.9692, 94.7439
evaluation Time: 0.0345, Train loss: 0.3536, Val loss: 0.3525, Test loss: 0.3687
Train acc: (95.6879, 95.4808), Val acc: (96.2963, 95.9772), Test acc: (95.3169, 94.9540)
Epoch 26, training Time(s): 0.0625, estimated train loss 0.3904, acc 94.5585, 94.2480
evaluation Time: 0.0433, Train loss: 0.3513, Val loss: 0.3516, Test loss: 0.3676
Train acc: (95.8932, 95.6936), Val acc: (95.8848, 95.5732), Test acc: (95.4577, 95.1096)
Epoch 27, training Time(s): 0.0831, estimated train loss 0.3844, acc 95.3799, 95.1914
evaluation Time: 0.0290, Train loss: 0.3489, Val loss: 0.3507, Test loss: 0.3665
Train acc: (95.8932, 95.7048), Val acc: (95.8848, 95.5732), Test acc: (95.4930, 95.1416)
Epoch 28, training Time(s): 0.0214, estimated train loss 0.3891, acc 94.9692, 94.6999
evaluation Time: 0.0305, Train loss: 0.3466, Val loss: 0.3498, Test loss: 0.3654
Train acc: (95.9959, 95.8268), Val acc: (95.8848, 95.5732), Test acc: (95.4225, 95.0637)
Epoch 29, training Time(s): 0.0666, estimated train loss 0.3819, acc 95.7906, 95.5824
evaluation Time: 0.0322, Train loss: 0.3443, Val loss: 0.3489, Test loss: 0.3643
Train acc: (96.2012, 96.0501), Val acc: (95.8848, 95.5732), Test acc: (95.3873, 95.0293)
Epoch 30, training Time(s): 0.0366, estimated train loss 0.3837, acc 95.4825, 95.2778
evaluation Time: 0.0585, Train loss: 0.3421, Val loss: 0.3480, Test loss: 0.3633
Train acc: (96.4066, 96.2827), Val acc: (95.8848, 95.5732), Test acc: (95.3873, 95.0229)
	Current best at epoch 30 with Val loss 0.3480 (95.8848, 95.5732), Test loss 0.3633 (95.3873, 95.0229)Epoch 31, training Time(s): 0.0234, estimated train loss 0.3798, acc 95.7906, 95.5726
evaluation Time: 0.0272, Train loss: 0.3401, Val loss: 0.3474, Test loss: 0.3625
Train acc: (96.7146, 96.6025), Val acc: (95.8848, 95.5732), Test acc: (95.3521, 94.9896)
Epoch 32, training Time(s): 0.0213, estimated train loss 0.3808, acc 95.5852, 95.3620
evaluation Time: 0.0299, Train loss: 0.3383, Val loss: 0.3467, Test loss: 0.3618
Train acc: (97.1253, 97.0238), Val acc: (95.8848, 95.5732), Test acc: (95.3873, 95.0293)
Epoch 33, training Time(s): 0.0194, estimated train loss 0.3799, acc 95.3799, 95.2176
evaluation Time: 0.0480, Train loss: 0.3365, Val loss: 0.3461, Test loss: 0.3612
Train acc: (97.1253, 97.0238), Val acc: (95.8848, 95.5732), Test acc: (95.4930, 95.1479)
Epoch 34, training Time(s): 0.0235, estimated train loss 0.3780, acc 95.8932, 95.6648
evaluation Time: 0.0612, Train loss: 0.3348, Val loss: 0.3455, Test loss: 0.3608
Train acc: (97.1253, 97.0238), Val acc: (95.8848, 95.5732), Test acc: (95.4225, 95.0815)
Epoch 35, training Time(s): 0.0213, estimated train loss 0.3746, acc 96.2012, 95.9902
evaluation Time: 0.0342, Train loss: 0.3333, Val loss: 0.3450, Test loss: 0.3604
Train acc: (97.1253, 97.0238), Val acc: (95.8848, 95.5732), Test acc: (95.4930, 95.1605)
Epoch 36, training Time(s): 0.0249, estimated train loss 0.3758, acc 95.8932, 95.7557
evaluation Time: 0.0341, Train loss: 0.3318, Val loss: 0.3446, Test loss: 0.3603
Train acc: (97.1253, 97.0238), Val acc: (95.8848, 95.5732), Test acc: (95.4930, 95.1605)
Epoch 37, training Time(s): 0.0444, estimated train loss 0.3675, acc 96.4066, 96.2853
evaluation Time: 0.0483, Train loss: 0.3305, Val loss: 0.3443, Test loss: 0.3601
Train acc: (97.3306, 97.2436), Val acc: (95.8848, 95.5732), Test acc: (95.3873, 95.0503)
Epoch 38, training Time(s): 0.0195, estimated train loss 0.3693, acc 96.5092, 96.3512
evaluation Time: 0.0554, Train loss: 0.3292, Val loss: 0.3440, Test loss: 0.3601
Train acc: (97.5359, 97.4536), Val acc: (95.8848, 95.5732), Test acc: (95.3169, 94.9728)
Epoch 39, training Time(s): 0.0323, estimated train loss 0.3636, acc 96.6119, 96.5249
evaluation Time: 0.0702, Train loss: 0.3280, Val loss: 0.3439, Test loss: 0.3600
Train acc: (97.5359, 97.4536), Val acc: (95.8848, 95.5732), Test acc: (95.2817, 94.9342)
Epoch 40, training Time(s): 0.0302, estimated train loss 0.3641, acc 96.9199, 96.7565
evaluation Time: 0.0293, Train loss: 0.3268, Val loss: 0.3438, Test loss: 0.3600
Train acc: (97.5359, 97.4536), Val acc: (95.8848, 95.5732), Test acc: (95.2113, 94.8607)
	Current best at epoch 40 with Val loss 0.3438 (95.8848, 95.5732), Test loss 0.3600 (95.2113, 94.8607)Epoch 41, training Time(s): 0.0224, estimated train loss 0.3645, acc 96.2012, 96.0908
evaluation Time: 0.0410, Train loss: 0.3256, Val loss: 0.3436, Test loss: 0.3600
Train acc: (97.4333, 97.3422), Val acc: (95.8848, 95.5732), Test acc: (95.2817, 94.9385)
Epoch 42, training Time(s): 0.0207, estimated train loss 0.3618, acc 97.0226, 96.9171
evaluation Time: 0.0830, Train loss: 0.3243, Val loss: 0.3435, Test loss: 0.3599
Train acc: (97.4333, 97.3422), Val acc: (95.8848, 95.5732), Test acc: (95.2817, 94.9385)
Epoch 43, training Time(s): 0.1066, estimated train loss 0.3594, acc 97.2279, 97.1415
evaluation Time: 0.0418, Train loss: 0.3227, Val loss: 0.3434, Test loss: 0.3597
Train acc: (97.4333, 97.3422), Val acc: (95.8848, 95.5732), Test acc: (95.2817, 94.9375)
Epoch 44, training Time(s): 0.0194, estimated train loss 0.3583, acc 96.9199, 96.7898
evaluation Time: 0.0424, Train loss: 0.3212, Val loss: 0.3433, Test loss: 0.3595
Train acc: (97.5359, 97.4536), Val acc: (95.8848, 95.5732), Test acc: (95.3169, 94.9825)
Epoch 45, training Time(s): 0.0251, estimated train loss 0.3572, acc 97.2279, 97.1446
evaluation Time: 0.0331, Train loss: 0.3196, Val loss: 0.3433, Test loss: 0.3593
Train acc: (97.7413, 97.6845), Val acc: (95.8848, 95.5732), Test acc: (95.3521, 95.0048)
Epoch 46, training Time(s): 0.0599, estimated train loss 0.3534, acc 97.4333, 97.3570
evaluation Time: 0.0343, Train loss: 0.3181, Val loss: 0.3434, Test loss: 0.3592
Train acc: (97.7413, 97.6845), Val acc: (95.8848, 95.5732), Test acc: (95.3521, 95.0120)
Epoch 47, training Time(s): 0.0240, estimated train loss 0.3546, acc 97.2279, 97.1075
evaluation Time: 0.0294, Train loss: 0.3167, Val loss: 0.3436, Test loss: 0.3592
Train acc: (98.0493, 98.0066), Val acc: (95.4733, 95.0714), Test acc: (95.3169, 94.9655)
Epoch 48, training Time(s): 0.0198, estimated train loss 0.3522, acc 97.6386, 97.5658
evaluation Time: 0.0342, Train loss: 0.3153, Val loss: 0.3438, Test loss: 0.3591
Train acc: (98.0493, 98.0066), Val acc: (95.4733, 95.0714), Test acc: (95.4225, 95.0737)
Epoch 49, training Time(s): 0.0193, estimated train loss 0.3530, acc 97.2279, 97.0998
evaluation Time: 0.0332, Train loss: 0.3139, Val loss: 0.3440, Test loss: 0.3591
Train acc: (98.0493, 98.0066), Val acc: (95.4733, 95.0714), Test acc: (95.3873, 95.0321)
Epoch 50, training Time(s): 0.0296, estimated train loss 0.3472, acc 97.8439, 97.8143
evaluation Time: 0.0324, Train loss: 0.3126, Val loss: 0.3443, Test loss: 0.3591
Train acc: (98.0493, 98.0066), Val acc: (95.4733, 95.0714), Test acc: (95.3521, 94.9892)
	Current best at epoch 45 with Val loss 0.3433 (95.8848, 95.5732), Test loss 0.3593 (95.3521, 95.0048)Epoch 51, training Time(s): 0.0332, estimated train loss 0.3502, acc 97.3306, 97.2496
evaluation Time: 0.0344, Train loss: 0.3113, Val loss: 0.3445, Test loss: 0.3592
Train acc: (98.0493, 98.0066), Val acc: (95.4733, 95.0714), Test acc: (95.2817, 94.9055)
Epoch 52, training Time(s): 0.0224, estimated train loss 0.3493, acc 97.2279, 97.1501
evaluation Time: 0.0329, Train loss: 0.3101, Val loss: 0.3448, Test loss: 0.3593
Train acc: (98.1520, 98.1073), Val acc: (95.4733, 95.0714), Test acc: (95.2113, 94.8229)
Epoch 53, training Time(s): 0.0202, estimated train loss 0.3474, acc 97.7413, 97.6572
evaluation Time: 0.0373, Train loss: 0.3088, Val loss: 0.3450, Test loss: 0.3595
Train acc: (98.4600, 98.4329), Val acc: (95.4733, 95.0714), Test acc: (95.1761, 94.7906)
Epoch 54, training Time(s): 0.0215, estimated train loss 0.3449, acc 97.6386, 97.5585
evaluation Time: 0.0455, Train loss: 0.3075, Val loss: 0.3452, Test loss: 0.3596
Train acc: (98.5626, 98.5305), Val acc: (95.4733, 95.0714), Test acc: (95.1761, 94.7839)
Epoch 55, training Time(s): 0.0222, estimated train loss 0.3408, acc 97.5359, 97.4666
evaluation Time: 0.0461, Train loss: 0.3062, Val loss: 0.3454, Test loss: 0.3599
Train acc: (98.5626, 98.5305), Val acc: (95.8848, 95.5732), Test acc: (95.1761, 94.7797)
Epoch 56, training Time(s): 0.0264, estimated train loss 0.3500, acc 97.2279, 97.1390
evaluation Time: 0.0288, Train loss: 0.3049, Val loss: 0.3456, Test loss: 0.3601
Train acc: (98.5626, 98.5305), Val acc: (95.8848, 95.5732), Test acc: (95.2465, 94.8643)
Epoch 57, training Time(s): 0.0206, estimated train loss 0.3470, acc 98.0493, 97.9962
evaluation Time: 0.0288, Train loss: 0.3037, Val loss: 0.3458, Test loss: 0.3604
Train acc: (98.5626, 98.5305), Val acc: (95.8848, 95.5732), Test acc: (95.2465, 94.8583)
Epoch 58, training Time(s): 0.0221, estimated train loss 0.3419, acc 97.6386, 97.5749
evaluation Time: 0.0573, Train loss: 0.3025, Val loss: 0.3461, Test loss: 0.3607
Train acc: (98.5626, 98.5305), Val acc: (95.8848, 95.5732), Test acc: (95.2113, 94.8200)
Epoch 59, training Time(s): 0.0214, estimated train loss 0.3396, acc 97.9466, 97.9142
evaluation Time: 0.0291, Train loss: 0.3014, Val loss: 0.3463, Test loss: 0.3608
Train acc: (98.6653, 98.6279), Val acc: (95.8848, 95.5732), Test acc: (95.1408, 94.7372)
Epoch 60, training Time(s): 0.0210, estimated train loss 0.3377, acc 98.2546, 98.2153
evaluation Time: 0.0293, Train loss: 0.3001, Val loss: 0.3466, Test loss: 0.3609
Train acc: (98.6653, 98.6279), Val acc: (95.8848, 95.5732), Test acc: (95.1761, 94.7701)
	Current best at epoch 45 with Val loss 0.3433 (95.8848, 95.5732), Test loss 0.3593 (95.3521, 95.0048)Epoch 61, training Time(s): 0.0211, estimated train loss 0.3359, acc 98.2546, 98.1867
evaluation Time: 0.0351, Train loss: 0.2989, Val loss: 0.3468, Test loss: 0.3610
Train acc: (98.9733, 98.9516), Val acc: (95.8848, 95.5732), Test acc: (95.1761, 94.7701)
Epoch 62, training Time(s): 0.0265, estimated train loss 0.3360, acc 98.0493, 97.9836
evaluation Time: 0.0290, Train loss: 0.2978, Val loss: 0.3471, Test loss: 0.3611
Train acc: (98.9733, 98.9516), Val acc: (95.4733, 95.1229), Test acc: (95.1761, 94.7713)
Epoch 63, training Time(s): 0.0221, estimated train loss 0.3372, acc 98.2546, 98.1936
evaluation Time: 0.0571, Train loss: 0.2966, Val loss: 0.3474, Test loss: 0.3611
Train acc: (98.9733, 98.9516), Val acc: (95.4733, 95.1229), Test acc: (95.1761, 94.7713)
Epoch 64, training Time(s): 0.0290, estimated train loss 0.3347, acc 98.6653, 98.6361
evaluation Time: 0.0939, Train loss: 0.2955, Val loss: 0.3478, Test loss: 0.3612
Train acc: (99.1786, 99.1587), Val acc: (95.0617, 94.6245), Test acc: (95.1408, 94.7284)
Epoch 65, training Time(s): 0.0404, estimated train loss 0.3344, acc 98.3573, 98.3349
evaluation Time: 0.0319, Train loss: 0.2944, Val loss: 0.3482, Test loss: 0.3613
Train acc: (99.1786, 99.1587), Val acc: (95.0617, 94.6245), Test acc: (95.1056, 94.6955)
Epoch 66, training Time(s): 0.0803, estimated train loss 0.3343, acc 98.9733, 98.9534
evaluation Time: 0.0567, Train loss: 0.2934, Val loss: 0.3486, Test loss: 0.3614
Train acc: (99.1786, 99.1587), Val acc: (95.0617, 94.6245), Test acc: (95.0704, 94.6446)
Epoch 67, training Time(s): 0.0312, estimated train loss 0.3338, acc 98.1520, 98.0776
evaluation Time: 0.0493, Train loss: 0.2923, Val loss: 0.3491, Test loss: 0.3615
Train acc: (99.1786, 99.1587), Val acc: (95.0617, 94.6245), Test acc: (95.0000, 94.5720)
Epoch 68, training Time(s): 0.0742, estimated train loss 0.3316, acc 98.9733, 98.9651
evaluation Time: 0.0524, Train loss: 0.2912, Val loss: 0.3495, Test loss: 0.3617
Train acc: (99.1786, 99.1587), Val acc: (95.0617, 94.6245), Test acc: (94.9648, 94.5386)
Epoch 69, training Time(s): 0.0285, estimated train loss 0.3298, acc 98.2546, 98.1974
evaluation Time: 0.0461, Train loss: 0.2902, Val loss: 0.3499, Test loss: 0.3620
Train acc: (99.1786, 99.1587), Val acc: (95.0617, 94.6245), Test acc: (94.9648, 94.5386)
Epoch 70, training Time(s): 0.0242, estimated train loss 0.3270, acc 98.9733, 98.9645
evaluation Time: 0.0362, Train loss: 0.2891, Val loss: 0.3504, Test loss: 0.3623
Train acc: (99.2813, 99.2596), Val acc: (95.0617, 94.6245), Test acc: (94.9648, 94.5397)
	Current best at epoch 45 with Val loss 0.3433 (95.8848, 95.5732), Test loss 0.3593 (95.3521, 95.0048)Epoch 71, training Time(s): 0.0323, estimated train loss 0.3271, acc 98.7680, 98.7282
evaluation Time: 0.0377, Train loss: 0.2881, Val loss: 0.3508, Test loss: 0.3626
Train acc: (99.1786, 99.1625), Val acc: (95.0617, 94.6245), Test acc: (94.9296, 94.4977)
Epoch 72, training Time(s): 0.0392, estimated train loss 0.3279, acc 98.7680, 98.7533
evaluation Time: 0.0677, Train loss: 0.2871, Val loss: 0.3512, Test loss: 0.3629
Train acc: (99.2813, 99.2759), Val acc: (95.0617, 94.6245), Test acc: (94.8239, 94.3820)
Epoch 73, training Time(s): 0.0424, estimated train loss 0.3257, acc 98.7680, 98.7465
evaluation Time: 0.0706, Train loss: 0.2861, Val loss: 0.3515, Test loss: 0.3632
Train acc: (99.3840, 99.3853), Val acc: (95.0617, 94.6245), Test acc: (94.7535, 94.3125)
Epoch 74, training Time(s): 0.0314, estimated train loss 0.3223, acc 98.9733, 98.9347
evaluation Time: 0.0450, Train loss: 0.2852, Val loss: 0.3518, Test loss: 0.3634
Train acc: (99.3840, 99.3853), Val acc: (95.0617, 94.6245), Test acc: (94.7535, 94.3118)
Epoch 75, training Time(s): 0.0237, estimated train loss 0.3229, acc 99.0760, 99.0777
evaluation Time: 0.0568, Train loss: 0.2843, Val loss: 0.3522, Test loss: 0.3636
Train acc: (99.4867, 99.4825), Val acc: (95.0617, 94.6245), Test acc: (94.7535, 94.3118)
Epoch 76, training Time(s): 0.0387, estimated train loss 0.3217, acc 98.9733, 98.9499
evaluation Time: 0.0583, Train loss: 0.2834, Val loss: 0.3526, Test loss: 0.3639
Train acc: (99.4867, 99.4825), Val acc: (94.6502, 94.2246), Test acc: (94.7183, 94.2748)
Epoch 77, training Time(s): 0.0365, estimated train loss 0.3237, acc 99.1786, 99.1289
evaluation Time: 0.0399, Train loss: 0.2825, Val loss: 0.3531, Test loss: 0.3640
Train acc: (99.4867, 99.4825), Val acc: (94.6502, 94.2246), Test acc: (94.6831, 94.2403)
Epoch 78, training Time(s): 0.0287, estimated train loss 0.3216, acc 98.9733, 98.9596
evaluation Time: 0.0331, Train loss: 0.2816, Val loss: 0.3536, Test loss: 0.3643
Train acc: (99.4867, 99.4825), Val acc: (94.6502, 94.2246), Test acc: (94.7183, 94.2846)
Epoch 79, training Time(s): 0.0450, estimated train loss 0.3213, acc 99.0760, 99.0740
evaluation Time: 0.0625, Train loss: 0.2807, Val loss: 0.3541, Test loss: 0.3645
Train acc: (99.4867, 99.4825), Val acc: (94.6502, 94.2246), Test acc: (94.7183, 94.2898)
Epoch 80, training Time(s): 0.0438, estimated train loss 0.3206, acc 99.1786, 99.1533
evaluation Time: 0.0428, Train loss: 0.2799, Val loss: 0.3546, Test loss: 0.3647
Train acc: (99.4867, 99.4825), Val acc: (94.6502, 94.2246), Test acc: (94.7183, 94.2898)
	Current best at epoch 45 with Val loss 0.3433 (95.8848, 95.5732), Test loss 0.3593 (95.3521, 95.0048)Epoch 81, training Time(s): 0.0425, estimated train loss 0.3176, acc 99.2813, 99.2596
evaluation Time: 0.0614, Train loss: 0.2790, Val loss: 0.3550, Test loss: 0.3650
Train acc: (99.5893, 99.5835), Val acc: (94.6502, 94.2246), Test acc: (94.6831, 94.2479)
Epoch 82, training Time(s): 0.0501, estimated train loss 0.3186, acc 98.9733, 98.9528
evaluation Time: 0.0504, Train loss: 0.2782, Val loss: 0.3554, Test loss: 0.3653
Train acc: (99.5893, 99.5835), Val acc: (94.6502, 94.2246), Test acc: (94.6831, 94.2501)
Epoch 83, training Time(s): 0.1144, estimated train loss 0.3195, acc 98.8706, 98.8224
evaluation Time: 0.0463, Train loss: 0.2774, Val loss: 0.3557, Test loss: 0.3655
Train acc: (99.5893, 99.5835), Val acc: (94.6502, 94.2246), Test acc: (94.7887, 94.3540)
Epoch 84, training Time(s): 0.0479, estimated train loss 0.3198, acc 99.0760, 99.0562
evaluation Time: 0.0404, Train loss: 0.2767, Val loss: 0.3560, Test loss: 0.3657
Train acc: (99.5893, 99.5835), Val acc: (94.6502, 94.2246), Test acc: (94.8239, 94.3911)
Epoch 85, training Time(s): 0.0273, estimated train loss 0.3143, acc 99.3840, 99.3665
evaluation Time: 0.0389, Train loss: 0.2761, Val loss: 0.3563, Test loss: 0.3659
Train acc: (99.5893, 99.5835), Val acc: (94.6502, 94.2246), Test acc: (94.7535, 94.3163)
Epoch 86, training Time(s): 0.0333, estimated train loss 0.3146, acc 99.5893, 99.5835
evaluation Time: 0.0401, Train loss: 0.2755, Val loss: 0.3567, Test loss: 0.3660
Train acc: (99.5893, 99.5835), Val acc: (94.6502, 94.2246), Test acc: (94.7535, 94.3163)
Epoch 87, training Time(s): 0.0310, estimated train loss 0.3148, acc 99.4867, 99.4703
evaluation Time: 0.0571, Train loss: 0.2749, Val loss: 0.3571, Test loss: 0.3662
Train acc: (99.5893, 99.5835), Val acc: (94.6502, 94.2246), Test acc: (94.7183, 94.2823)
Epoch 88, training Time(s): 0.0347, estimated train loss 0.3149, acc 99.2813, 99.2761
evaluation Time: 0.0403, Train loss: 0.2743, Val loss: 0.3576, Test loss: 0.3664
Train acc: (99.5893, 99.5835), Val acc: (94.6502, 94.2246), Test acc: (94.7183, 94.2812)
Epoch 89, training Time(s): 0.0241, estimated train loss 0.3119, acc 99.3840, 99.3416
evaluation Time: 0.0880, Train loss: 0.2736, Val loss: 0.3581, Test loss: 0.3667
Train acc: (99.5893, 99.5835), Val acc: (94.6502, 94.2246), Test acc: (94.7183, 94.2812)
Epoch 90, training Time(s): 0.0649, estimated train loss 0.3121, acc 99.2813, 99.2765
evaluation Time: 0.0428, Train loss: 0.2731, Val loss: 0.3586, Test loss: 0.3669
Train acc: (99.5893, 99.5835), Val acc: (94.6502, 94.2246), Test acc: (94.7183, 94.2812)
	Current best at epoch 45 with Val loss 0.3433 (95.8848, 95.5732), Test loss 0.3593 (95.3521, 95.0048)Epoch 91, training Time(s): 0.1091, estimated train loss 0.3114, acc 99.1786, 99.1667
evaluation Time: 0.0490, Train loss: 0.2725, Val loss: 0.3592, Test loss: 0.3671
Train acc: (99.6920, 99.6806), Val acc: (94.6502, 94.2246), Test acc: (94.6479, 94.2017)
Epoch 92, training Time(s): 0.0286, estimated train loss 0.3105, acc 99.5893, 99.5835
evaluation Time: 0.0398, Train loss: 0.2719, Val loss: 0.3597, Test loss: 0.3673
Train acc: (99.6920, 99.6806), Val acc: (94.6502, 94.2246), Test acc: (94.6479, 94.2004)
Epoch 93, training Time(s): 0.0302, estimated train loss 0.3058, acc 99.5893, 99.5802
evaluation Time: 0.0403, Train loss: 0.2713, Val loss: 0.3603, Test loss: 0.3676
Train acc: (99.6920, 99.6806), Val acc: (94.6502, 94.2246), Test acc: (94.6479, 94.2004)
Epoch 94, training Time(s): 0.0254, estimated train loss 0.3093, acc 99.1786, 99.1629
evaluation Time: 0.0454, Train loss: 0.2706, Val loss: 0.3609, Test loss: 0.3678
Train acc: (99.7947, 99.7900), Val acc: (94.6502, 94.2246), Test acc: (94.6479, 94.2004)
Epoch 95, training Time(s): 0.0477, estimated train loss 0.3097, acc 99.4867, 99.4827
evaluation Time: 0.0627, Train loss: 0.2700, Val loss: 0.3614, Test loss: 0.3679
Train acc: (99.7947, 99.7900), Val acc: (94.6502, 94.2246), Test acc: (94.6479, 94.2004)
average train times 0.03818949964857593
Best Epoch 45 at beb292392e974e98a1ffd9729042b58b
	Final Val loss 0.3433 (95.8848, 95.5732), Test loss 0.3593 (95.3521, 95.0048)
train_acc (97.74, 97.68) val_acc (95.88, 95.57) test_acc (95.35, 95.00)
beb292392e974e98a1ffd9729042b58b
