Epoch 0, training Time(s): 1.1135, estimated train loss 1.7220, acc 24.7433, 24.6524
evaluation Time: 0.0326, Train loss: 0.8364, Val loss: 0.8523, Test loss: 0.8863
Train acc: (71.4579, 70.7717), Val acc: (67.9012, 68.2378), Test acc: (67.9577, 67.4170)
Epoch 1, training Time(s): 0.0224, estimated train loss 1.5412, acc 30.5955, 30.5416
evaluation Time: 0.0875, Train loss: 0.6341, Val loss: 0.6562, Test loss: 0.6834
Train acc: (81.9302, 81.3328), Val acc: (81.4815, 81.1846), Test acc: (79.4718, 78.7419)
Epoch 2, training Time(s): 0.0258, estimated train loss 1.4815, acc 34.5996, 34.4119
evaluation Time: 0.0563, Train loss: 0.5453, Val loss: 0.5625, Test loss: 0.5876
Train acc: (86.7556, 86.2587), Val acc: (87.6543, 87.3413), Test acc: (85.1056, 84.4545)
Epoch 3, training Time(s): 0.0751, estimated train loss 1.3573, acc 40.8624, 40.6019
evaluation Time: 0.0366, Train loss: 0.5012, Val loss: 0.5197, Test loss: 0.5370
Train acc: (89.9384, 89.4751), Val acc: (89.3004, 89.0352), Test acc: (88.2042, 87.5429)
Epoch 4, training Time(s): 0.0302, estimated train loss 1.0944, acc 53.5934, 53.1022
evaluation Time: 0.0378, Train loss: 0.4746, Val loss: 0.4930, Test loss: 0.5047
Train acc: (91.2731, 90.8246), Val acc: (90.5350, 90.1288), Test acc: (90.2113, 89.5900)
Epoch 5, training Time(s): 0.0303, estimated train loss 0.8386, acc 70.2259, 68.6986
evaluation Time: 0.0321, Train loss: 0.4545, Val loss: 0.4755, Test loss: 0.4816
Train acc: (92.2998, 91.8480), Val acc: (91.3580, 91.0488), Test acc: (91.1972, 90.6014)
Epoch 6, training Time(s): 0.0257, estimated train loss 0.6800, acc 83.1622, 82.2818
evaluation Time: 0.1043, Train loss: 0.4363, Val loss: 0.4646, Test loss: 0.4631
Train acc: (93.0185, 92.6315), Val acc: (92.1811, 92.1187), Test acc: (92.0070, 91.4563)
Epoch 7, training Time(s): 0.0325, estimated train loss 0.6053, acc 85.3183, 84.6603
evaluation Time: 0.0327, Train loss: 0.4243, Val loss: 0.4612, Test loss: 0.4514
Train acc: (93.2238, 92.8785), Val acc: (92.5926, 92.5623), Test acc: (92.5000, 91.9505)
Epoch 8, training Time(s): 0.0637, estimated train loss 0.5549, acc 88.9117, 88.3737
evaluation Time: 0.0406, Train loss: 0.4172, Val loss: 0.4611, Test loss: 0.4439
Train acc: (93.6345, 93.2667), Val acc: (92.1811, 92.0491), Test acc: (92.6761, 92.1460)
Epoch 9, training Time(s): 0.0963, estimated train loss 0.5265, acc 90.3491, 89.9510
evaluation Time: 0.0607, Train loss: 0.4120, Val loss: 0.4598, Test loss: 0.4375
Train acc: (93.8398, 93.4757), Val acc: (92.1811, 92.0491), Test acc: (92.6761, 92.1205)
Epoch 10, training Time(s): 0.0302, estimated train loss 0.4922, acc 91.2731, 90.8643
evaluation Time: 0.0329, Train loss: 0.4065, Val loss: 0.4550, Test loss: 0.4301
Train acc: (94.2505, 93.8734), Val acc: (91.3580, 91.1085), Test acc: (92.9930, 92.4379)
	Current best at epoch 10 with Val loss 0.4550 (91.3580, 91.1085), Test loss 0.4301 (92.9930, 92.4379)Epoch 11, training Time(s): 0.0216, estimated train loss 0.4819, acc 92.6078, 92.1533
evaluation Time: 0.0980, Train loss: 0.4003, Val loss: 0.4474, Test loss: 0.4221
Train acc: (94.6612, 94.3242), Val acc: (91.7695, 91.3493), Test acc: (93.4859, 92.9587)
Epoch 12, training Time(s): 0.0832, estimated train loss 0.4723, acc 91.9918, 91.4787
evaluation Time: 0.0378, Train loss: 0.3933, Val loss: 0.4373, Test loss: 0.4133
Train acc: (94.7639, 94.4310), Val acc: (91.7695, 91.3493), Test acc: (93.9437, 93.4569)
Epoch 13, training Time(s): 0.0269, estimated train loss 0.4509, acc 93.5318, 93.1044
evaluation Time: 0.0405, Train loss: 0.3870, Val loss: 0.4276, Test loss: 0.4053
Train acc: (94.7639, 94.4435), Val acc: (92.5926, 92.0798), Test acc: (94.3310, 93.8675)
Epoch 14, training Time(s): 0.0254, estimated train loss 0.4508, acc 93.5318, 93.1000
evaluation Time: 0.0395, Train loss: 0.3814, Val loss: 0.4190, Test loss: 0.3984
Train acc: (94.8665, 94.5705), Val acc: (92.5926, 92.0798), Test acc: (94.5423, 94.1001)
Epoch 15, training Time(s): 0.0260, estimated train loss 0.4452, acc 92.8131, 92.3322
evaluation Time: 0.0430, Train loss: 0.3762, Val loss: 0.4116, Test loss: 0.3924
Train acc: (95.0719, 94.8262), Val acc: (92.5926, 92.0798), Test acc: (94.6479, 94.2177)
Epoch 16, training Time(s): 0.0273, estimated train loss 0.4338, acc 93.8398, 93.4332
evaluation Time: 0.0392, Train loss: 0.3714, Val loss: 0.4055, Test loss: 0.3871
Train acc: (95.1745, 94.9440), Val acc: (93.0041, 92.6109), Test acc: (94.5775, 94.1116)
Epoch 17, training Time(s): 0.0307, estimated train loss 0.4252, acc 93.9425, 93.6228
evaluation Time: 0.0417, Train loss: 0.3668, Val loss: 0.4004, Test loss: 0.3824
Train acc: (95.1745, 94.9380), Val acc: (93.4156, 93.0788), Test acc: (94.7887, 94.3473)
Epoch 18, training Time(s): 0.1170, estimated train loss 0.4215, acc 94.2505, 93.9031
evaluation Time: 0.0579, Train loss: 0.3626, Val loss: 0.3962, Test loss: 0.3783
Train acc: (95.0719, 94.8139), Val acc: (93.0041, 92.5902), Test acc: (95.0352, 94.6127)
Epoch 19, training Time(s): 0.0314, estimated train loss 0.4093, acc 95.2772, 95.0498
evaluation Time: 0.0493, Train loss: 0.3590, Val loss: 0.3930, Test loss: 0.3750
Train acc: (95.1745, 94.9170), Val acc: (93.0041, 92.5902), Test acc: (94.9648, 94.5568)
Epoch 20, training Time(s): 0.0296, estimated train loss 0.4113, acc 94.6612, 94.3320
evaluation Time: 0.0560, Train loss: 0.3558, Val loss: 0.3905, Test loss: 0.3723
Train acc: (95.1745, 94.9053), Val acc: (93.4156, 93.0562), Test acc: (95.1056, 94.7126)
	Current best at epoch 20 with Val loss 0.3905 (93.4156, 93.0562), Test loss 0.3723 (95.1056, 94.7126)Epoch 21, training Time(s): 0.0378, estimated train loss 0.4081, acc 95.3799, 95.1595
evaluation Time: 0.0621, Train loss: 0.3530, Val loss: 0.3887, Test loss: 0.3701
Train acc: (95.3799, 95.1247), Val acc: (93.4156, 93.0562), Test acc: (95.2113, 94.8215)
Epoch 22, training Time(s): 0.0276, estimated train loss 0.4038, acc 94.9692, 94.6543
evaluation Time: 0.0499, Train loss: 0.3506, Val loss: 0.3872, Test loss: 0.3684
Train acc: (95.4825, 95.2483), Val acc: (93.8272, 93.4822), Test acc: (95.2465, 94.8790)
Epoch 23, training Time(s): 0.0235, estimated train loss 0.3944, acc 95.3799, 95.2184
evaluation Time: 0.0367, Train loss: 0.3484, Val loss: 0.3857, Test loss: 0.3670
Train acc: (95.6879, 95.4681), Val acc: (93.8272, 93.4822), Test acc: (95.2113, 94.8468)
Epoch 24, training Time(s): 0.0750, estimated train loss 0.3970, acc 94.8665, 94.5450
evaluation Time: 0.0657, Train loss: 0.3464, Val loss: 0.3843, Test loss: 0.3657
Train acc: (95.7906, 95.5607), Val acc: (93.8272, 93.5621), Test acc: (95.2817, 94.9414)
Epoch 25, training Time(s): 0.0359, estimated train loss 0.3903, acc 95.1745, 94.9210
evaluation Time: 0.0569, Train loss: 0.3446, Val loss: 0.3828, Test loss: 0.3647
Train acc: (95.6879, 95.4527), Val acc: (93.8272, 93.5621), Test acc: (95.5282, 95.2362)
Epoch 26, training Time(s): 0.0281, estimated train loss 0.3939, acc 95.0719, 94.8037
evaluation Time: 0.1146, Train loss: 0.3429, Val loss: 0.3814, Test loss: 0.3638
Train acc: (95.6879, 95.4527), Val acc: (93.8272, 93.5621), Test acc: (95.6338, 95.3512)
Epoch 27, training Time(s): 0.0287, estimated train loss 0.3877, acc 95.3799, 95.1557
evaluation Time: 0.0398, Train loss: 0.3413, Val loss: 0.3802, Test loss: 0.3631
Train acc: (95.6879, 95.4527), Val acc: (93.8272, 93.5621), Test acc: (95.5986, 95.3077)
Epoch 28, training Time(s): 0.0254, estimated train loss 0.3875, acc 95.0719, 94.8337
evaluation Time: 0.0379, Train loss: 0.3398, Val loss: 0.3789, Test loss: 0.3625
Train acc: (95.9959, 95.7664), Val acc: (93.8272, 93.5621), Test acc: (95.5986, 95.3077)
Epoch 29, training Time(s): 0.0241, estimated train loss 0.3807, acc 95.6879, 95.4546
evaluation Time: 0.0733, Train loss: 0.3383, Val loss: 0.3776, Test loss: 0.3620
Train acc: (96.2012, 95.9836), Val acc: (93.8272, 93.5621), Test acc: (95.5634, 95.2695)
Epoch 30, training Time(s): 0.0957, estimated train loss 0.3899, acc 95.4825, 95.2576
evaluation Time: 0.0332, Train loss: 0.3369, Val loss: 0.3764, Test loss: 0.3616
Train acc: (96.4066, 96.2124), Val acc: (93.8272, 93.5621), Test acc: (95.5634, 95.2637)
	Current best at epoch 30 with Val loss 0.3764 (93.8272, 93.5621), Test loss 0.3616 (95.5634, 95.2637)Epoch 31, training Time(s): 0.0222, estimated train loss 0.3740, acc 96.0986, 95.9153
evaluation Time: 0.0351, Train loss: 0.3354, Val loss: 0.3754, Test loss: 0.3613
Train acc: (96.5092, 96.3250), Val acc: (94.2387, 93.9443), Test acc: (95.5282, 95.2199)
Epoch 32, training Time(s): 0.0335, estimated train loss 0.3773, acc 95.7906, 95.5722
evaluation Time: 0.0522, Train loss: 0.3339, Val loss: 0.3747, Test loss: 0.3611
Train acc: (96.6119, 96.4240), Val acc: (94.2387, 93.9443), Test acc: (95.5282, 95.2092)
Epoch 33, training Time(s): 0.0291, estimated train loss 0.3743, acc 95.3799, 95.0862
evaluation Time: 0.0699, Train loss: 0.3324, Val loss: 0.3744, Test loss: 0.3609
Train acc: (96.7146, 96.5381), Val acc: (93.8272, 93.5603), Test acc: (95.4930, 95.1738)
Epoch 34, training Time(s): 0.0284, estimated train loss 0.3770, acc 95.8932, 95.6989
evaluation Time: 0.0429, Train loss: 0.3309, Val loss: 0.3742, Test loss: 0.3607
Train acc: (96.6119, 96.4414), Val acc: (93.8272, 93.5603), Test acc: (95.5282, 95.2106)
Epoch 35, training Time(s): 0.0246, estimated train loss 0.3706, acc 96.2012, 96.0129
evaluation Time: 0.0347, Train loss: 0.3295, Val loss: 0.3742, Test loss: 0.3606
Train acc: (96.6119, 96.4414), Val acc: (93.8272, 93.5603), Test acc: (95.5282, 95.2105)
Epoch 36, training Time(s): 0.1076, estimated train loss 0.3747, acc 96.4066, 96.2261
evaluation Time: 0.0328, Train loss: 0.3282, Val loss: 0.3742, Test loss: 0.3605
Train acc: (96.6119, 96.4414), Val acc: (93.8272, 93.5603), Test acc: (95.5634, 95.2488)
Epoch 37, training Time(s): 0.0382, estimated train loss 0.3728, acc 96.2012, 96.0040
evaluation Time: 0.0368, Train loss: 0.3269, Val loss: 0.3742, Test loss: 0.3604
Train acc: (97.0226, 96.9176), Val acc: (94.2387, 93.9249), Test acc: (95.5282, 95.2114)
Epoch 38, training Time(s): 0.0245, estimated train loss 0.3653, acc 95.9959, 95.7487
evaluation Time: 0.0473, Train loss: 0.3256, Val loss: 0.3741, Test loss: 0.3602
Train acc: (97.0226, 96.9176), Val acc: (93.8272, 93.4357), Test acc: (95.4930, 95.1496)
Epoch 39, training Time(s): 0.0239, estimated train loss 0.3672, acc 95.9959, 95.7909
evaluation Time: 0.0332, Train loss: 0.3244, Val loss: 0.3740, Test loss: 0.3600
Train acc: (97.1253, 97.0169), Val acc: (93.4156, 93.0536), Test acc: (95.5634, 95.2114)
Epoch 40, training Time(s): 0.0479, estimated train loss 0.3599, acc 96.8172, 96.6275
evaluation Time: 0.1333, Train loss: 0.3232, Val loss: 0.3737, Test loss: 0.3598
Train acc: (97.2279, 97.1173), Val acc: (93.4156, 93.0536), Test acc: (95.6338, 95.2926)
	Current best at epoch 40 with Val loss 0.3737 (93.4156, 93.0536), Test loss 0.3598 (95.6338, 95.2926)Epoch 41, training Time(s): 0.0220, estimated train loss 0.3611, acc 96.2012, 95.9879
evaluation Time: 0.0308, Train loss: 0.3220, Val loss: 0.3735, Test loss: 0.3596
Train acc: (97.2279, 97.0952), Val acc: (93.4156, 93.0536), Test acc: (95.6690, 95.3314)
Epoch 42, training Time(s): 0.0277, estimated train loss 0.3622, acc 96.4066, 96.2399
evaluation Time: 0.0369, Train loss: 0.3208, Val loss: 0.3734, Test loss: 0.3594
Train acc: (97.3306, 97.2082), Val acc: (93.4156, 93.0536), Test acc: (95.6690, 95.3191)
Epoch 43, training Time(s): 0.0230, estimated train loss 0.3638, acc 96.5092, 96.2953
evaluation Time: 0.0349, Train loss: 0.3196, Val loss: 0.3731, Test loss: 0.3591
Train acc: (97.4333, 97.3183), Val acc: (93.4156, 93.0536), Test acc: (95.5634, 95.2076)
Epoch 44, training Time(s): 0.0207, estimated train loss 0.3591, acc 97.4333, 97.3047
evaluation Time: 0.0840, Train loss: 0.3184, Val loss: 0.3728, Test loss: 0.3589
Train acc: (97.4333, 97.3183), Val acc: (93.4156, 93.0536), Test acc: (95.6338, 95.2800)
Epoch 45, training Time(s): 0.0417, estimated train loss 0.3557, acc 97.0226, 96.9301
evaluation Time: 0.0375, Train loss: 0.3172, Val loss: 0.3724, Test loss: 0.3586
Train acc: (97.5359, 97.4094), Val acc: (93.4156, 93.0536), Test acc: (95.5986, 95.2416)
Epoch 46, training Time(s): 0.0239, estimated train loss 0.3578, acc 96.7146, 96.5930
evaluation Time: 0.0360, Train loss: 0.3160, Val loss: 0.3720, Test loss: 0.3584
Train acc: (97.5359, 97.4094), Val acc: (93.4156, 93.0536), Test acc: (95.5986, 95.2409)
Epoch 47, training Time(s): 0.0412, estimated train loss 0.3531, acc 97.3306, 97.1663
evaluation Time: 0.0477, Train loss: 0.3148, Val loss: 0.3713, Test loss: 0.3581
Train acc: (97.5359, 97.4094), Val acc: (93.4156, 93.0536), Test acc: (95.6690, 95.3201)
Epoch 48, training Time(s): 0.0244, estimated train loss 0.3497, acc 97.2279, 97.0552
evaluation Time: 0.0390, Train loss: 0.3135, Val loss: 0.3707, Test loss: 0.3578
Train acc: (97.5359, 97.4094), Val acc: (93.4156, 93.0536), Test acc: (95.6690, 95.3201)
Epoch 49, training Time(s): 0.0622, estimated train loss 0.3502, acc 96.9199, 96.7982
evaluation Time: 0.0389, Train loss: 0.3122, Val loss: 0.3701, Test loss: 0.3576
Train acc: (97.6386, 97.5259), Val acc: (93.4156, 93.0536), Test acc: (95.6690, 95.3170)
Epoch 50, training Time(s): 0.0718, estimated train loss 0.3502, acc 97.3306, 97.2014
evaluation Time: 0.0741, Train loss: 0.3109, Val loss: 0.3695, Test loss: 0.3573
Train acc: (97.7413, 97.6437), Val acc: (93.4156, 93.0536), Test acc: (95.7746, 95.4408)
	Current best at epoch 50 with Val loss 0.3695 (93.4156, 93.0536), Test loss 0.3573 (95.7746, 95.4408)Epoch 51, training Time(s): 0.0468, estimated train loss 0.3494, acc 97.6386, 97.5571
evaluation Time: 0.0507, Train loss: 0.3096, Val loss: 0.3691, Test loss: 0.3571
Train acc: (97.9466, 97.8698), Val acc: (93.4156, 93.0536), Test acc: (95.7746, 95.4446)
Epoch 52, training Time(s): 0.0252, estimated train loss 0.3442, acc 97.8439, 97.7409
evaluation Time: 0.0313, Train loss: 0.3083, Val loss: 0.3688, Test loss: 0.3568
Train acc: (98.0493, 97.9658), Val acc: (93.4156, 93.0536), Test acc: (95.8451, 95.5139)
Epoch 53, training Time(s): 0.0324, estimated train loss 0.3442, acc 97.5359, 97.4039
evaluation Time: 0.0762, Train loss: 0.3070, Val loss: 0.3686, Test loss: 0.3567
Train acc: (98.2546, 98.1828), Val acc: (93.4156, 93.0536), Test acc: (95.8099, 95.4782)
Epoch 54, training Time(s): 0.0277, estimated train loss 0.3465, acc 97.8439, 97.7662
evaluation Time: 0.0330, Train loss: 0.3057, Val loss: 0.3684, Test loss: 0.3566
Train acc: (98.2546, 98.1828), Val acc: (93.8272, 93.4972), Test acc: (95.7746, 95.4423)
Epoch 55, training Time(s): 0.0207, estimated train loss 0.3428, acc 97.8439, 97.7247
evaluation Time: 0.0571, Train loss: 0.3045, Val loss: 0.3681, Test loss: 0.3566
Train acc: (98.3573, 98.2969), Val acc: (93.8272, 93.4972), Test acc: (95.7042, 95.3614)
Epoch 56, training Time(s): 0.0431, estimated train loss 0.3403, acc 97.9466, 97.8590
evaluation Time: 0.0617, Train loss: 0.3033, Val loss: 0.3681, Test loss: 0.3566
Train acc: (98.3573, 98.2969), Val acc: (93.8272, 93.4972), Test acc: (95.7394, 95.4031)
Epoch 57, training Time(s): 0.0284, estimated train loss 0.3431, acc 97.6386, 97.5055
evaluation Time: 0.0446, Train loss: 0.3021, Val loss: 0.3680, Test loss: 0.3566
Train acc: (98.4600, 98.4095), Val acc: (93.8272, 93.4972), Test acc: (95.7746, 95.4460)
Epoch 58, training Time(s): 0.0323, estimated train loss 0.3406, acc 97.7413, 97.6498
evaluation Time: 0.0343, Train loss: 0.3010, Val loss: 0.3681, Test loss: 0.3567
Train acc: (98.4600, 98.4095), Val acc: (93.8272, 93.4972), Test acc: (95.7042, 95.3687)
Epoch 59, training Time(s): 0.1026, estimated train loss 0.3442, acc 97.8439, 97.7991
evaluation Time: 0.0347, Train loss: 0.2999, Val loss: 0.3681, Test loss: 0.3568
Train acc: (98.5626, 98.5205), Val acc: (93.8272, 93.4972), Test acc: (95.7042, 95.3687)
Epoch 60, training Time(s): 0.0346, estimated train loss 0.3349, acc 98.2546, 98.1644
evaluation Time: 0.0322, Train loss: 0.2988, Val loss: 0.3681, Test loss: 0.3569
Train acc: (98.5626, 98.5205), Val acc: (93.8272, 93.4972), Test acc: (95.7042, 95.3687)
	Current best at epoch 57 with Val loss 0.3680 (93.8272, 93.4972), Test loss 0.3566 (95.7746, 95.4460)Epoch 61, training Time(s): 0.0263, estimated train loss 0.3391, acc 97.6386, 97.5296
evaluation Time: 0.0409, Train loss: 0.2977, Val loss: 0.3683, Test loss: 0.3570
Train acc: (98.5626, 98.5205), Val acc: (93.8272, 93.4972), Test acc: (95.6690, 95.3310)
Epoch 62, training Time(s): 0.0615, estimated train loss 0.3342, acc 98.8706, 98.8053
evaluation Time: 0.0451, Train loss: 0.2966, Val loss: 0.3685, Test loss: 0.3572
Train acc: (98.7680, 98.7408), Val acc: (93.8272, 93.4972), Test acc: (95.7042, 95.3687)
Epoch 63, training Time(s): 0.0320, estimated train loss 0.3383, acc 97.9466, 97.8457
evaluation Time: 0.0422, Train loss: 0.2956, Val loss: 0.3689, Test loss: 0.3574
Train acc: (98.7680, 98.7408), Val acc: (93.8272, 93.4972), Test acc: (95.6338, 95.2956)
Epoch 64, training Time(s): 0.0228, estimated train loss 0.3379, acc 98.5626, 98.5107
evaluation Time: 0.0369, Train loss: 0.2945, Val loss: 0.3693, Test loss: 0.3576
Train acc: (98.7680, 98.7408), Val acc: (93.8272, 93.4972), Test acc: (95.5986, 95.2552)
Epoch 65, training Time(s): 0.0281, estimated train loss 0.3331, acc 98.5626, 98.5225
evaluation Time: 0.0348, Train loss: 0.2936, Val loss: 0.3697, Test loss: 0.3578
Train acc: (98.7680, 98.7408), Val acc: (93.8272, 93.4972), Test acc: (95.5986, 95.2531)
Epoch 66, training Time(s): 0.0329, estimated train loss 0.3366, acc 98.1520, 98.1023
evaluation Time: 0.0376, Train loss: 0.2927, Val loss: 0.3701, Test loss: 0.3580
Train acc: (98.7680, 98.7408), Val acc: (93.8272, 93.4972), Test acc: (95.5986, 95.2531)
Epoch 67, training Time(s): 0.0345, estimated train loss 0.3358, acc 98.2546, 98.1793
evaluation Time: 0.0483, Train loss: 0.2918, Val loss: 0.3707, Test loss: 0.3582
Train acc: (98.8706, 98.8366), Val acc: (93.8272, 93.4972), Test acc: (95.5282, 95.1706)
Epoch 68, training Time(s): 0.0312, estimated train loss 0.3308, acc 98.4600, 98.4221
evaluation Time: 0.0402, Train loss: 0.2908, Val loss: 0.3716, Test loss: 0.3584
Train acc: (98.8706, 98.8366), Val acc: (93.8272, 93.4972), Test acc: (95.4930, 95.1270)
Epoch 69, training Time(s): 0.0249, estimated train loss 0.3328, acc 98.6653, 98.6368
evaluation Time: 0.0351, Train loss: 0.2900, Val loss: 0.3725, Test loss: 0.3586
Train acc: (98.8706, 98.8366), Val acc: (93.8272, 93.4972), Test acc: (95.4930, 95.1187)
Epoch 70, training Time(s): 0.0244, estimated train loss 0.3262, acc 98.7680, 98.7268
evaluation Time: 0.0412, Train loss: 0.2892, Val loss: 0.3734, Test loss: 0.3587
Train acc: (98.8706, 98.8366), Val acc: (93.8272, 93.4972), Test acc: (95.4930, 95.1082)
	Current best at epoch 57 with Val loss 0.3680 (93.8272, 93.4972), Test loss 0.3566 (95.7746, 95.4460)Epoch 71, training Time(s): 0.0229, estimated train loss 0.3286, acc 98.7680, 98.7268
evaluation Time: 0.0436, Train loss: 0.2884, Val loss: 0.3743, Test loss: 0.3588
Train acc: (98.8706, 98.8366), Val acc: (93.8272, 93.4972), Test acc: (95.5634, 95.1824)
Epoch 72, training Time(s): 0.0239, estimated train loss 0.3284, acc 98.1520, 98.0565
evaluation Time: 0.0349, Train loss: 0.2876, Val loss: 0.3750, Test loss: 0.3590
Train acc: (98.8706, 98.8366), Val acc: (93.8272, 93.4972), Test acc: (95.4577, 95.0633)
Epoch 73, training Time(s): 0.0232, estimated train loss 0.3306, acc 98.0493, 97.9501
evaluation Time: 0.0373, Train loss: 0.2868, Val loss: 0.3755, Test loss: 0.3592
Train acc: (98.9733, 98.9325), Val acc: (93.8272, 93.4972), Test acc: (95.4577, 95.0558)
Epoch 74, training Time(s): 0.0291, estimated train loss 0.3307, acc 98.4600, 98.4223
evaluation Time: 0.0315, Train loss: 0.2860, Val loss: 0.3759, Test loss: 0.3594
Train acc: (98.9733, 98.9325), Val acc: (93.8272, 93.4972), Test acc: (95.4930, 95.0919)
Epoch 75, training Time(s): 0.0236, estimated train loss 0.3269, acc 98.7680, 98.7189
evaluation Time: 0.0329, Train loss: 0.2852, Val loss: 0.3762, Test loss: 0.3596
Train acc: (99.0760, 99.0321), Val acc: (93.8272, 93.4972), Test acc: (95.4930, 95.0919)
Epoch 76, training Time(s): 0.0250, estimated train loss 0.3227, acc 98.7680, 98.7452
evaluation Time: 0.0550, Train loss: 0.2844, Val loss: 0.3764, Test loss: 0.3597
Train acc: (99.0760, 99.0321), Val acc: (93.8272, 93.4972), Test acc: (95.5282, 95.1318)
Epoch 77, training Time(s): 0.0246, estimated train loss 0.3223, acc 98.5626, 98.4635
evaluation Time: 0.0295, Train loss: 0.2835, Val loss: 0.3767, Test loss: 0.3599
Train acc: (99.1786, 99.1441), Val acc: (93.4156, 93.0386), Test acc: (95.5282, 95.1318)
Epoch 78, training Time(s): 0.0256, estimated train loss 0.3245, acc 98.8706, 98.8264
evaluation Time: 0.0308, Train loss: 0.2826, Val loss: 0.3769, Test loss: 0.3601
Train acc: (99.2813, 99.2596), Val acc: (93.4156, 93.0386), Test acc: (95.5282, 95.1318)
Epoch 79, training Time(s): 0.0295, estimated train loss 0.3225, acc 98.8706, 98.8185
evaluation Time: 0.0297, Train loss: 0.2817, Val loss: 0.3772, Test loss: 0.3603
Train acc: (99.3840, 99.3711), Val acc: (93.4156, 93.0386), Test acc: (95.4930, 95.0964)
Epoch 80, training Time(s): 0.0221, estimated train loss 0.3206, acc 99.0760, 99.0384
evaluation Time: 0.0328, Train loss: 0.2808, Val loss: 0.3774, Test loss: 0.3605
Train acc: (99.3840, 99.3711), Val acc: (93.8272, 93.5305), Test acc: (95.5282, 95.1376)
	Current best at epoch 57 with Val loss 0.3680 (93.8272, 93.4972), Test loss 0.3566 (95.7746, 95.4460)Epoch 81, training Time(s): 0.0625, estimated train loss 0.3201, acc 98.8706, 98.7973
evaluation Time: 0.0435, Train loss: 0.2799, Val loss: 0.3775, Test loss: 0.3608
Train acc: (99.4867, 99.4823), Val acc: (93.8272, 93.5305), Test acc: (95.4930, 95.1097)
Epoch 82, training Time(s): 0.0213, estimated train loss 0.3181, acc 98.6653, 98.5888
evaluation Time: 0.0289, Train loss: 0.2790, Val loss: 0.3776, Test loss: 0.3610
Train acc: (99.4867, 99.4823), Val acc: (93.4156, 93.1539), Test acc: (95.3873, 94.9906)
Epoch 83, training Time(s): 0.0300, estimated train loss 0.3197, acc 98.9733, 98.9580
evaluation Time: 0.0292, Train loss: 0.2782, Val loss: 0.3775, Test loss: 0.3613
Train acc: (99.4867, 99.4823), Val acc: (93.4156, 93.1539), Test acc: (95.3873, 94.9936)
Epoch 84, training Time(s): 0.0282, estimated train loss 0.3188, acc 99.1786, 99.1571
evaluation Time: 0.0477, Train loss: 0.2774, Val loss: 0.3773, Test loss: 0.3616
Train acc: (99.5893, 99.5786), Val acc: (93.8272, 93.5305), Test acc: (95.3873, 94.9988)
Epoch 85, training Time(s): 0.0261, estimated train loss 0.3169, acc 99.0760, 99.0392
evaluation Time: 0.0303, Train loss: 0.2768, Val loss: 0.3769, Test loss: 0.3618
Train acc: (99.5893, 99.5786), Val acc: (93.8272, 93.5305), Test acc: (95.3873, 94.9988)
Epoch 86, training Time(s): 0.0194, estimated train loss 0.3160, acc 98.9733, 98.9346
evaluation Time: 0.0310, Train loss: 0.2762, Val loss: 0.3767, Test loss: 0.3619
Train acc: (99.5893, 99.5786), Val acc: (93.8272, 93.5305), Test acc: (95.4225, 95.0363)
Epoch 87, training Time(s): 0.0210, estimated train loss 0.3170, acc 99.1786, 99.1641
evaluation Time: 0.0335, Train loss: 0.2755, Val loss: 0.3766, Test loss: 0.3621
Train acc: (99.5893, 99.5786), Val acc: (93.8272, 93.5305), Test acc: (95.4225, 95.0363)
Epoch 88, training Time(s): 0.0554, estimated train loss 0.3149, acc 99.1786, 99.1562
evaluation Time: 0.0621, Train loss: 0.2749, Val loss: 0.3765, Test loss: 0.3622
Train acc: (99.5893, 99.5786), Val acc: (93.8272, 93.5305), Test acc: (95.4930, 95.1189)
Epoch 89, training Time(s): 0.0345, estimated train loss 0.3163, acc 99.2813, 99.2759
evaluation Time: 0.0457, Train loss: 0.2744, Val loss: 0.3764, Test loss: 0.3623
Train acc: (99.5893, 99.5786), Val acc: (93.8272, 93.5305), Test acc: (95.4930, 95.1189)
Epoch 90, training Time(s): 0.0205, estimated train loss 0.3136, acc 99.2813, 99.2577
evaluation Time: 0.0446, Train loss: 0.2738, Val loss: 0.3762, Test loss: 0.3626
Train acc: (99.5893, 99.5786), Val acc: (93.8272, 93.5305), Test acc: (95.4930, 95.1189)
	Current best at epoch 57 with Val loss 0.3680 (93.8272, 93.4972), Test loss 0.3566 (95.7746, 95.4460)Epoch 91, training Time(s): 0.0276, estimated train loss 0.3154, acc 99.0760, 99.0360
evaluation Time: 0.1137, Train loss: 0.2733, Val loss: 0.3762, Test loss: 0.3627
Train acc: (99.5893, 99.5786), Val acc: (93.8272, 93.5305), Test acc: (95.4225, 95.0373)
Epoch 92, training Time(s): 0.0519, estimated train loss 0.3118, acc 99.5893, 99.5675
evaluation Time: 0.0466, Train loss: 0.2728, Val loss: 0.3763, Test loss: 0.3629
Train acc: (99.5893, 99.5786), Val acc: (94.2387, 93.9097), Test acc: (95.3873, 95.0019)
Epoch 93, training Time(s): 0.1328, estimated train loss 0.3152, acc 99.3840, 99.3834
evaluation Time: 0.0464, Train loss: 0.2723, Val loss: 0.3765, Test loss: 0.3630
Train acc: (99.5893, 99.5786), Val acc: (94.2387, 93.9097), Test acc: (95.4577, 95.0719)
Epoch 94, training Time(s): 0.0293, estimated train loss 0.3106, acc 99.5893, 99.5790
evaluation Time: 0.0405, Train loss: 0.2719, Val loss: 0.3766, Test loss: 0.3631
Train acc: (99.5893, 99.5786), Val acc: (94.2387, 93.9097), Test acc: (95.4930, 95.1095)
Epoch 95, training Time(s): 0.0568, estimated train loss 0.3096, acc 99.1786, 99.1533
evaluation Time: 0.0464, Train loss: 0.2714, Val loss: 0.3767, Test loss: 0.3633
Train acc: (99.6920, 99.6782), Val acc: (94.2387, 93.9097), Test acc: (95.4930, 95.1095)
Epoch 96, training Time(s): 0.0367, estimated train loss 0.3057, acc 99.4867, 99.4593
evaluation Time: 0.0411, Train loss: 0.2708, Val loss: 0.3772, Test loss: 0.3634
Train acc: (99.6920, 99.6782), Val acc: (94.2387, 93.9097), Test acc: (95.4225, 95.0338)
Epoch 97, training Time(s): 0.0282, estimated train loss 0.3113, acc 99.4867, 99.4679
evaluation Time: 0.0322, Train loss: 0.2702, Val loss: 0.3779, Test loss: 0.3636
Train acc: (99.6920, 99.6782), Val acc: (94.2387, 93.9097), Test acc: (95.4225, 95.0338)
Epoch 98, training Time(s): 0.0233, estimated train loss 0.3060, acc 99.3840, 99.3591
evaluation Time: 0.0493, Train loss: 0.2696, Val loss: 0.3784, Test loss: 0.3637
Train acc: (99.6920, 99.6782), Val acc: (94.2387, 93.9097), Test acc: (95.3873, 94.9896)
Epoch 99, training Time(s): 0.0585, estimated train loss 0.3072, acc 99.4867, 99.4593
evaluation Time: 0.0470, Train loss: 0.2690, Val loss: 0.3789, Test loss: 0.3640
Train acc: (99.7947, 99.7894), Val acc: (94.2387, 93.9097), Test acc: (95.3521, 94.9525)
Epoch 100, training Time(s): 0.0594, estimated train loss 0.3068, acc 99.4867, 99.4826
evaluation Time: 0.0667, Train loss: 0.2685, Val loss: 0.3794, Test loss: 0.3642
Train acc: (99.7947, 99.7894), Val acc: (94.2387, 93.9097), Test acc: (95.2817, 94.8878)
	Current best at epoch 57 with Val loss 0.3680 (93.8272, 93.4972), Test loss 0.3566 (95.7746, 95.4460)Epoch 101, training Time(s): 0.0496, estimated train loss 0.3066, acc 99.5893, 99.5786
evaluation Time: 0.0354, Train loss: 0.2680, Val loss: 0.3798, Test loss: 0.3645
Train acc: (99.7947, 99.7894), Val acc: (93.8272, 93.5305), Test acc: (95.3169, 94.9202)
Epoch 102, training Time(s): 0.0371, estimated train loss 0.3079, acc 99.5893, 99.5675
evaluation Time: 0.0461, Train loss: 0.2674, Val loss: 0.3803, Test loss: 0.3648
Train acc: (99.7947, 99.7894), Val acc: (93.8272, 93.5305), Test acc: (95.3169, 94.9202)
Epoch 103, training Time(s): 0.0470, estimated train loss 0.3022, acc 99.5893, 99.5786
evaluation Time: 0.0335, Train loss: 0.2669, Val loss: 0.3807, Test loss: 0.3651
Train acc: (99.7947, 99.7894), Val acc: (93.8272, 93.5305), Test acc: (95.3169, 94.9202)
Epoch 104, training Time(s): 0.0250, estimated train loss 0.3085, acc 99.5893, 99.5822
evaluation Time: 0.0525, Train loss: 0.2664, Val loss: 0.3809, Test loss: 0.3654
Train acc: (99.7947, 99.7894), Val acc: (93.8272, 93.5305), Test acc: (95.3169, 94.9202)
Epoch 105, training Time(s): 0.0287, estimated train loss 0.3078, acc 99.4867, 99.4760
evaluation Time: 0.0411, Train loss: 0.2660, Val loss: 0.3808, Test loss: 0.3657
Train acc: (99.7947, 99.7894), Val acc: (93.8272, 93.5305), Test acc: (95.2817, 94.8865)
Epoch 106, training Time(s): 0.0866, estimated train loss 0.3040, acc 99.3840, 99.3530
evaluation Time: 0.0448, Train loss: 0.2657, Val loss: 0.3803, Test loss: 0.3659
Train acc: (99.7947, 99.7894), Val acc: (93.8272, 93.5305), Test acc: (95.2465, 94.8523)
Epoch 107, training Time(s): 0.0510, estimated train loss 0.3043, acc 99.5893, 99.5822
evaluation Time: 0.0461, Train loss: 0.2653, Val loss: 0.3799, Test loss: 0.3661
Train acc: (99.7947, 99.7894), Val acc: (93.8272, 93.5305), Test acc: (95.2817, 94.8860)
average train times 0.048454879620753295
Best Epoch 57 at c6259c7727bc41c09af5ad016821cea1
	Final Val loss 0.3680 (93.8272, 93.4972), Test loss 0.3566 (95.7746, 95.4460)
train_acc (98.46, 98.41) val_acc (93.83, 93.50) test_acc (95.77, 95.45)
c6259c7727bc41c09af5ad016821cea1
